TpTrace Verbose: 0 : 17728, 1, 2025/02/04, 23:56:13.673, 51314370443, vstest.console.dll, Version: 17.11.0-release-24352-05 Current process architecture: X64
TpTrace Verbose: 0 : 17728, 1, 2025/02/04, 23:56:13.676, 51314397997, vstest.console.dll, Runtime location: C:\Program Files\dotnet\shared\Microsoft.NETCore.App\8.0.8
TpTrace Verbose: 0 : 17728, 1, 2025/02/04, 23:56:13.678, 51314421991, vstest.console.dll, ArtifactProcessingPostProcessModeProcessorExecutor.Initialize: ArtifactProcessingMode.Collect
TpTrace Verbose: 0 : 17728, 1, 2025/02/04, 23:56:13.678, 51314423449, vstest.console.dll, TestSessionCorrelationIdProcessorModeProcessorExecutor.Initialize: TestSessionCorrelationId '8188_67b78b3a-8a9c-4a57-988e-e93963f6908f'
TpTrace Information: 0 : 17728, 1, 2025/02/04, 23:56:13.686, 51314497594, vstest.console.dll, FilePatternParser: The given file C:\Users\Arthu\OneDrive\Área de Trabalho\Projetos\AulaCursoAPI\LojinhaApi\ProdutosUnitTest\bin\Debug\net8.0\fine-code-coverage\build-output\ProdutosUnitTest.dll is a full path.
TpTrace Verbose: 0 : 17728, 1, 2025/02/04, 23:56:13.689, 51314534899, vstest.console.dll, TestPluginCache.DiscoverTestExtensions: finding test extensions in assemblies ends with: RuntimeProvider.dll TPluginInfo: Microsoft.VisualStudio.TestPlatform.Common.ExtensionFramework.Utilities.TestRuntimePluginInformation TExtension: Microsoft.VisualStudio.TestPlatform.ObjectModel.Host.ITestRuntimeProvider
TpTrace Verbose: 0 : 17728, 1, 2025/02/04, 23:56:13.690, 51314540647, vstest.console.dll, TestPluginCache.GetExtensionPaths: Filtered extension paths: 
TpTrace Verbose: 0 : 17728, 1, 2025/02/04, 23:56:13.690, 51314541562, vstest.console.dll, TestPluginCache.GetExtensionPaths: Added default extension paths: C:\Program Files\dotnet\sdk\8.0.400\Extensions\Microsoft.Diagnostics.NETCore.Client.dll
C:\Program Files\dotnet\sdk\8.0.400\Extensions\Microsoft.TestPlatform.Extensions.BlameDataCollector.dll
C:\Program Files\dotnet\sdk\8.0.400\Extensions\Microsoft.TestPlatform.Extensions.EventLogCollector.dll
C:\Program Files\dotnet\sdk\8.0.400\Extensions\Microsoft.TestPlatform.TestHostRuntimeProvider.dll
C:\Program Files\dotnet\sdk\8.0.400\Extensions\Microsoft.VisualStudio.TestPlatform.Extensions.Html.TestLogger.dll
C:\Program Files\dotnet\sdk\8.0.400\Extensions\Microsoft.VisualStudio.TestPlatform.Extensions.Trx.TestLogger.dll
TpTrace Verbose: 0 : 17728, 1, 2025/02/04, 23:56:13.690, 51314541826, vstest.console.dll, TestPluginCache.GetExtensionPaths: Added unfilterableExtensionPaths: 
TpTrace Information: 0 : 17728, 1, 2025/02/04, 23:56:13.691, 51314546653, vstest.console.dll, AssemblyResolver.ctor: Creating AssemblyResolver with searchDirectories C:\Program Files\dotnet\sdk\8.0.400\Extensions,C:\Program Files\dotnet\sdk\8.0.400
TpTrace Verbose: 0 : 17728, 1, 2025/02/04, 23:56:13.691, 51314553550, vstest.console.dll, TestPluginCache.DiscoverTestExtensions: Discovering the extensions using extension path.
TpTrace Verbose: 0 : 17728, 1, 2025/02/04, 23:56:13.691, 51314554846, vstest.console.dll, TestPluginCache.GetExtensionPaths: Filtered extension paths: 
TpTrace Verbose: 0 : 17728, 1, 2025/02/04, 23:56:13.691, 51314555180, vstest.console.dll, TestPluginCache.GetExtensionPaths: Added default extension paths: C:\Program Files\dotnet\sdk\8.0.400\Extensions\Microsoft.Diagnostics.NETCore.Client.dll
C:\Program Files\dotnet\sdk\8.0.400\Extensions\Microsoft.TestPlatform.Extensions.BlameDataCollector.dll
C:\Program Files\dotnet\sdk\8.0.400\Extensions\Microsoft.TestPlatform.Extensions.EventLogCollector.dll
C:\Program Files\dotnet\sdk\8.0.400\Extensions\Microsoft.TestPlatform.TestHostRuntimeProvider.dll
C:\Program Files\dotnet\sdk\8.0.400\Extensions\Microsoft.VisualStudio.TestPlatform.Extensions.Html.TestLogger.dll
C:\Program Files\dotnet\sdk\8.0.400\Extensions\Microsoft.VisualStudio.TestPlatform.Extensions.Trx.TestLogger.dll
TpTrace Verbose: 0 : 17728, 1, 2025/02/04, 23:56:13.691, 51314555435, vstest.console.dll, TestPluginCache.GetExtensionPaths: Added unfilterableExtensionPaths: 
TpTrace Verbose: 0 : 17728, 1, 2025/02/04, 23:56:13.691, 51314555927, vstest.console.dll, TestPluginCache.DiscoverTestExtensions: Discovering the extensions using allExtensionPaths: C:\Program Files\dotnet\sdk\8.0.400\Extensions\Microsoft.Diagnostics.NETCore.Client.dll
C:\Program Files\dotnet\sdk\8.0.400\Extensions\Microsoft.TestPlatform.Extensions.BlameDataCollector.dll
C:\Program Files\dotnet\sdk\8.0.400\Extensions\Microsoft.TestPlatform.Extensions.EventLogCollector.dll
C:\Program Files\dotnet\sdk\8.0.400\Extensions\Microsoft.TestPlatform.TestHostRuntimeProvider.dll
C:\Program Files\dotnet\sdk\8.0.400\Extensions\Microsoft.VisualStudio.TestPlatform.Extensions.Html.TestLogger.dll
C:\Program Files\dotnet\sdk\8.0.400\Extensions\Microsoft.VisualStudio.TestPlatform.Extensions.Trx.TestLogger.dll
TpTrace Information: 0 : 17728, 1, 2025/02/04, 23:56:13.692, 51314557299, vstest.console.dll, AssemblyResolver.AddSearchDirectories: Adding more searchDirectories C:\Program Files\dotnet\sdk\8.0.400\Extensions,C:\Program Files\dotnet\sdk\8.0.400
TpTrace Information: 0 : 17728, 1, 2025/02/04, 23:56:13.692, 51314557799, vstest.console.dll, AssemblyResolver.AddSearchDirectories: Adding more searchDirectories C:\Program Files\dotnet\sdk\8.0.400\Extensions,C:\Program Files\dotnet\sdk\8.0.400
TpTrace Information: 0 : 17728, 1, 2025/02/04, 23:56:13.692, 51314558058, vstest.console.dll, AssemblyResolver.AddSearchDirectories: Adding more searchDirectories C:\Program Files\dotnet\sdk\8.0.400\Extensions,C:\Program Files\dotnet\sdk\8.0.400
TpTrace Information: 0 : 17728, 1, 2025/02/04, 23:56:13.692, 51314558264, vstest.console.dll, AssemblyResolver.AddSearchDirectories: Adding more searchDirectories C:\Program Files\dotnet\sdk\8.0.400\Extensions,C:\Program Files\dotnet\sdk\8.0.400
TpTrace Information: 0 : 17728, 1, 2025/02/04, 23:56:13.692, 51314558455, vstest.console.dll, AssemblyResolver.AddSearchDirectories: Adding more searchDirectories C:\Program Files\dotnet\sdk\8.0.400\Extensions,C:\Program Files\dotnet\sdk\8.0.400
TpTrace Information: 0 : 17728, 1, 2025/02/04, 23:56:13.692, 51314558710, vstest.console.dll, AssemblyResolver.AddSearchDirectories: Adding more searchDirectories C:\Program Files\dotnet\sdk\8.0.400\Extensions,C:\Program Files\dotnet\sdk\8.0.400
TpTrace Information: 0 : 17728, 1, 2025/02/04, 23:56:13.692, 51314561842, vstest.console.dll, AssemblyResolver.OnResolve: Microsoft.Diagnostics.NETCore.Client: Resolving assembly.
TpTrace Information: 0 : 17728, 1, 2025/02/04, 23:56:13.692, 51314562647, vstest.console.dll, AssemblyResolver.OnResolve: Microsoft.Diagnostics.NETCore.Client: Searching in: 'C:\Program Files\dotnet\sdk\8.0.400\Extensions'.
TpTrace Information: 0 : 17728, 1, 2025/02/04, 23:56:13.698, 51314618509, vstest.console.dll, AssemblyResolver.OnResolve: Microsoft.Diagnostics.NETCore.Client: Loading assembly 'C:\Program Files\dotnet\sdk\8.0.400\Extensions\Microsoft.Diagnostics.NETCore.Client.dll'.
TpTrace Information: 0 : 17728, 1, 2025/02/04, 23:56:13.698, 51314623510, vstest.console.dll, AssemblyResolver.OnResolve: Resolved assembly: Microsoft.Diagnostics.NETCore.Client, from path: C:\Program Files\dotnet\sdk\8.0.400\Extensions\Microsoft.Diagnostics.NETCore.Client.dll
TpTrace Verbose: 0 : 17728, 1, 2025/02/04, 23:56:13.702, 51314662339, vstest.console.dll, MetadataReaderExtensionsHelper: Discovering extensions inside assembly 'Microsoft.Diagnostics.NETCore.Client, Version=0.2.10.30701, Culture=neutral, PublicKeyToken=31bf3856ad364e35' file path 'C:\Program Files\dotnet\sdk\8.0.400\Extensions\Microsoft.Diagnostics.NETCore.Client.dll'
TpTrace Information: 0 : 17728, 1, 2025/02/04, 23:56:13.705, 51314694683, vstest.console.dll, AssemblyResolver.OnResolve: Microsoft.Bcl.AsyncInterfaces: Resolving assembly.
TpTrace Information: 0 : 17728, 1, 2025/02/04, 23:56:13.705, 51314695857, vstest.console.dll, AssemblyResolver.OnResolve: Microsoft.Bcl.AsyncInterfaces: Searching in: 'C:\Program Files\dotnet\sdk\8.0.400\Extensions'.
TpTrace Information: 0 : 17728, 1, 2025/02/04, 23:56:13.706, 51314696593, vstest.console.dll, AssemblyResolver.OnResolve: Microsoft.Bcl.AsyncInterfaces: Assembly path does not exist: 'C:\Program Files\dotnet\sdk\8.0.400\Extensions\Microsoft.Bcl.AsyncInterfaces.dll', returning.
TpTrace Information: 0 : 17728, 1, 2025/02/04, 23:56:13.706, 51314697568, vstest.console.dll, AssemblyResolver.OnResolve: Microsoft.Bcl.AsyncInterfaces: Assembly path does not exist: 'C:\Program Files\dotnet\sdk\8.0.400\Extensions\Microsoft.Bcl.AsyncInterfaces.exe', returning.
TpTrace Information: 0 : 17728, 1, 2025/02/04, 23:56:13.706, 51314697844, vstest.console.dll, AssemblyResolver.OnResolve: Microsoft.Bcl.AsyncInterfaces: Searching in: 'C:\Program Files\dotnet\sdk\8.0.400'.
TpTrace Information: 0 : 17728, 1, 2025/02/04, 23:56:13.706, 51314698310, vstest.console.dll, AssemblyResolver.OnResolve: Microsoft.Bcl.AsyncInterfaces: Assembly path does not exist: 'C:\Program Files\dotnet\sdk\8.0.400\Microsoft.Bcl.AsyncInterfaces.dll', returning.
TpTrace Information: 0 : 17728, 1, 2025/02/04, 23:56:13.706, 51314698651, vstest.console.dll, AssemblyResolver.OnResolve: Microsoft.Bcl.AsyncInterfaces: Assembly path does not exist: 'C:\Program Files\dotnet\sdk\8.0.400\Microsoft.Bcl.AsyncInterfaces.exe', returning.
TpTrace Information: 0 : 17728, 1, 2025/02/04, 23:56:13.706, 51314698841, vstest.console.dll, AssemblyResolver.OnResolve: Microsoft.Bcl.AsyncInterfaces: Failed to load assembly.
TpTrace Verbose: 0 : 17728, 1, 2025/02/04, 23:56:13.706, 51314699126, vstest.console.dll, CurrentDomainAssemblyResolve: Resolving assembly 'Microsoft.Bcl.AsyncInterfaces'.
TpTrace Information: 0 : 17728, 1, 2025/02/04, 23:56:13.706, 51314699662, vstest.console.dll, AssemblyResolver.OnResolve: Microsoft.Bcl.AsyncInterfaces: Resolving assembly.
TpTrace Information: 0 : 17728, 1, 2025/02/04, 23:56:13.706, 51314699986, vstest.console.dll, AssemblyResolver.OnResolve: Microsoft.Bcl.AsyncInterfaces: Resolved from cache.
TpTrace Verbose: 0 : 17728, 1, 2025/02/04, 23:56:13.706, 51314700194, vstest.console.dll, CurrentDomainAssemblyResolve: Resolving assembly 'Microsoft.Bcl.AsyncInterfaces'.
TpTrace Verbose: 0 : 17728, 1, 2025/02/04, 23:56:13.706, 51314700452, vstest.console.dll, CurrentDomainAssemblyResolve: Failed to resolve assembly 'Microsoft.Bcl.AsyncInterfaces'.
TpTrace Verbose: 0 : 17728, 1, 2025/02/04, 23:56:13.706, 51314705965, vstest.console.dll, CurrentDomainAssemblyResolve: Failed to resolve assembly 'Microsoft.Bcl.AsyncInterfaces'.
TpTrace Warning: 0 : 17728, 1, 2025/02/04, 23:56:13.715, 51314787467, vstest.console.dll, TestPluginDiscoverer: Failed to get types from assembly 'Microsoft.Diagnostics.NETCore.Client, Version=0.2.10.30701, Culture=neutral, PublicKeyToken=31bf3856ad364e35'. Error: System.Reflection.ReflectionTypeLoadException: Unable to load one or more of the requested types.
Could not load file or assembly 'Microsoft.Bcl.AsyncInterfaces, Version=6.0.0.0, Culture=neutral, PublicKeyToken=cc7b13ffcd2ddd51'. O sistema não pode encontrar o arquivo especificado.
   at System.Reflection.RuntimeModule.GetTypes(RuntimeModule module)
   at System.Reflection.RuntimeModule.GetTypes()
   at Microsoft.VisualStudio.TestPlatform.Common.ExtensionFramework.TestPluginDiscoverer.GetTestExtensionsFromAssembly[TPluginInfo,TExtension](Assembly assembly, Dictionary`2 pluginInfos, String filePath) in /_/src/Microsoft.TestPlatform.Common/ExtensionFramework/TestPluginDiscoverer.cs:line 158
System.IO.FileNotFoundException: Could not load file or assembly 'Microsoft.Bcl.AsyncInterfaces, Version=6.0.0.0, Culture=neutral, PublicKeyToken=cc7b13ffcd2ddd51'. O sistema não pode encontrar o arquivo especificado.
File name: 'Microsoft.Bcl.AsyncInterfaces, Version=6.0.0.0, Culture=neutral, PublicKeyToken=cc7b13ffcd2ddd51'
 ---> System.IO.FileNotFoundException: Could not load file or assembly 'Microsoft.Bcl.AsyncInterfaces, Culture=neutral, PublicKeyToken=null'. O sistema não pode encontrar o arquivo especificado.
File name: 'Microsoft.Bcl.AsyncInterfaces, Culture=neutral, PublicKeyToken=null'
   at System.Reflection.RuntimeAssembly.InternalLoad(AssemblyName assemblyName, StackCrawlMark& stackMark, AssemblyLoadContext assemblyLoadContext, RuntimeAssembly requestingAssembly, Boolean throwOnFileNotFound)
   at System.Reflection.Assembly.Load(AssemblyName assemblyRef)
   at Microsoft.VisualStudio.TestPlatform.Common.ExtensionFramework.TestPluginCache.CurrentDomainAssemblyResolve(Object sender, AssemblyResolveEventArgs args) in /_/src/Microsoft.TestPlatform.Common/ExtensionFramework/TestPluginCache.cs:line 513
   at System.Runtime.Loader.AssemblyLoadContext.GetFirstResolvedAssemblyFromResolvingEvent(AssemblyName assemblyName)
   at System.Runtime.Loader.AssemblyLoadContext.ResolveUsingEvent(AssemblyName assemblyName)
   at System.Runtime.Loader.AssemblyLoadContext.ResolveUsingResolvingEvent(IntPtr gchManagedAssemblyLoadContext, AssemblyName assemblyName)
TpTrace Warning: 0 : 17728, 1, 2025/02/04, 23:56:13.715, 51314791344, vstest.console.dll, LoaderExceptions: System.IO.FileNotFoundException: Could not load file or assembly 'Microsoft.Bcl.AsyncInterfaces, Version=6.0.0.0, Culture=neutral, PublicKeyToken=cc7b13ffcd2ddd51'. O sistema não pode encontrar o arquivo especificado.
File name: 'Microsoft.Bcl.AsyncInterfaces, Version=6.0.0.0, Culture=neutral, PublicKeyToken=cc7b13ffcd2ddd51'
 ---> System.IO.FileNotFoundException: Could not load file or assembly 'Microsoft.Bcl.AsyncInterfaces, Culture=neutral, PublicKeyToken=null'. O sistema não pode encontrar o arquivo especificado.
File name: 'Microsoft.Bcl.AsyncInterfaces, Culture=neutral, PublicKeyToken=null'
   at System.Reflection.RuntimeAssembly.InternalLoad(AssemblyName assemblyName, StackCrawlMark& stackMark, AssemblyLoadContext assemblyLoadContext, RuntimeAssembly requestingAssembly, Boolean throwOnFileNotFound)
   at System.Reflection.Assembly.Load(AssemblyName assemblyRef)
   at Microsoft.VisualStudio.TestPlatform.Common.ExtensionFramework.TestPluginCache.CurrentDomainAssemblyResolve(Object sender, AssemblyResolveEventArgs args) in /_/src/Microsoft.TestPlatform.Common/ExtensionFramework/TestPluginCache.cs:line 513
   at System.Runtime.Loader.AssemblyLoadContext.GetFirstResolvedAssemblyFromResolvingEvent(AssemblyName assemblyName)
   at System.Runtime.Loader.AssemblyLoadContext.ResolveUsingEvent(AssemblyName assemblyName)
   at System.Runtime.Loader.AssemblyLoadContext.ResolveUsingResolvingEvent(IntPtr gchManagedAssemblyLoadContext, AssemblyName assemblyName)
TpTrace Information: 0 : 17728, 1, 2025/02/04, 23:56:13.715, 51314793041, vstest.console.dll, AssemblyResolver.OnResolve: Microsoft.TestPlatform.Extensions.BlameDataCollector: Resolving assembly.
TpTrace Information: 0 : 17728, 1, 2025/02/04, 23:56:13.715, 51314793580, vstest.console.dll, AssemblyResolver.OnResolve: Microsoft.TestPlatform.Extensions.BlameDataCollector: Searching in: 'C:\Program Files\dotnet\sdk\8.0.400\Extensions'.
TpTrace Information: 0 : 17728, 1, 2025/02/04, 23:56:13.716, 51314797264, vstest.console.dll, AssemblyResolver.OnResolve: Microsoft.TestPlatform.Extensions.BlameDataCollector: Loading assembly 'C:\Program Files\dotnet\sdk\8.0.400\Extensions\Microsoft.TestPlatform.Extensions.BlameDataCollector.dll'.
TpTrace Information: 0 : 17728, 1, 2025/02/04, 23:56:13.716, 51314803133, vstest.console.dll, AssemblyResolver.OnResolve: Resolved assembly: Microsoft.TestPlatform.Extensions.BlameDataCollector, from path: C:\Program Files\dotnet\sdk\8.0.400\Extensions\Microsoft.TestPlatform.Extensions.BlameDataCollector.dll
TpTrace Verbose: 0 : 17728, 1, 2025/02/04, 23:56:13.716, 51314804470, vstest.console.dll, MetadataReaderExtensionsHelper: Discovering extensions inside assembly 'Microsoft.TestPlatform.Extensions.BlameDataCollector, Version=15.0.0.0, Culture=neutral, PublicKeyToken=b03f5f7f11d50a3a' file path 'C:\Program Files\dotnet\sdk\8.0.400\Extensions\Microsoft.TestPlatform.Extensions.BlameDataCollector.dll'
TpTrace Information: 0 : 17728, 1, 2025/02/04, 23:56:13.718, 51314819788, vstest.console.dll, AssemblyResolver.OnResolve: Microsoft.TestPlatform.Extensions.EventLogCollector: Resolving assembly.
TpTrace Information: 0 : 17728, 1, 2025/02/04, 23:56:13.718, 51314820891, vstest.console.dll, AssemblyResolver.OnResolve: Microsoft.TestPlatform.Extensions.EventLogCollector: Searching in: 'C:\Program Files\dotnet\sdk\8.0.400\Extensions'.
TpTrace Information: 0 : 17728, 1, 2025/02/04, 23:56:13.718, 51314824186, vstest.console.dll, AssemblyResolver.OnResolve: Microsoft.TestPlatform.Extensions.EventLogCollector: Loading assembly 'C:\Program Files\dotnet\sdk\8.0.400\Extensions\Microsoft.TestPlatform.Extensions.EventLogCollector.dll'.
TpTrace Information: 0 : 17728, 1, 2025/02/04, 23:56:13.719, 51314827059, vstest.console.dll, AssemblyResolver.OnResolve: Resolved assembly: Microsoft.TestPlatform.Extensions.EventLogCollector, from path: C:\Program Files\dotnet\sdk\8.0.400\Extensions\Microsoft.TestPlatform.Extensions.EventLogCollector.dll
TpTrace Verbose: 0 : 17728, 1, 2025/02/04, 23:56:13.719, 51314827719, vstest.console.dll, MetadataReaderExtensionsHelper: Discovering extensions inside assembly 'Microsoft.TestPlatform.Extensions.EventLogCollector, Version=15.0.0.0, Culture=neutral, PublicKeyToken=b03f5f7f11d50a3a' file path 'C:\Program Files\dotnet\sdk\8.0.400\Extensions\Microsoft.TestPlatform.Extensions.EventLogCollector.dll'
TpTrace Information: 0 : 17728, 1, 2025/02/04, 23:56:13.720, 51314842015, vstest.console.dll, AssemblyResolver.OnResolve: Microsoft.TestPlatform.TestHostRuntimeProvider: Resolving assembly.
TpTrace Information: 0 : 17728, 1, 2025/02/04, 23:56:13.720, 51314842967, vstest.console.dll, AssemblyResolver.OnResolve: Microsoft.TestPlatform.TestHostRuntimeProvider: Searching in: 'C:\Program Files\dotnet\sdk\8.0.400\Extensions'.
TpTrace Information: 0 : 17728, 1, 2025/02/04, 23:56:13.720, 51314845021, vstest.console.dll, AssemblyResolver.OnResolve: Microsoft.TestPlatform.TestHostRuntimeProvider: Loading assembly 'C:\Program Files\dotnet\sdk\8.0.400\Extensions\Microsoft.TestPlatform.TestHostRuntimeProvider.dll'.
TpTrace Information: 0 : 17728, 1, 2025/02/04, 23:56:13.721, 51314847910, vstest.console.dll, AssemblyResolver.OnResolve: Resolved assembly: Microsoft.TestPlatform.TestHostRuntimeProvider, from path: C:\Program Files\dotnet\sdk\8.0.400\Extensions\Microsoft.TestPlatform.TestHostRuntimeProvider.dll
TpTrace Verbose: 0 : 17728, 1, 2025/02/04, 23:56:13.721, 51314848511, vstest.console.dll, MetadataReaderExtensionsHelper: Discovering extensions inside assembly 'Microsoft.TestPlatform.TestHostRuntimeProvider, Version=15.0.0.0, Culture=neutral, PublicKeyToken=b03f5f7f11d50a3a' file path 'C:\Program Files\dotnet\sdk\8.0.400\Extensions\Microsoft.TestPlatform.TestHostRuntimeProvider.dll'
TpTrace Information: 0 : 17728, 1, 2025/02/04, 23:56:13.722, 51314862444, vstest.console.dll, GetTestExtensionFromType: Register extension with identifier data 'HostProvider://DefaultTestHost' and type 'Microsoft.VisualStudio.TestPlatform.CrossPlatEngine.Hosting.DefaultTestHostManager, Microsoft.TestPlatform.TestHostRuntimeProvider, Version=15.0.0.0, Culture=neutral, PublicKeyToken=b03f5f7f11d50a3a' inside file 'C:\Program Files\dotnet\sdk\8.0.400\Extensions\Microsoft.TestPlatform.TestHostRuntimeProvider.dll'
TpTrace Information: 0 : 17728, 1, 2025/02/04, 23:56:13.722, 51314864782, vstest.console.dll, GetTestExtensionFromType: Register extension with identifier data 'HostProvider://DotnetTestHost' and type 'Microsoft.VisualStudio.TestPlatform.CrossPlatEngine.Hosting.DotnetTestHostManager, Microsoft.TestPlatform.TestHostRuntimeProvider, Version=15.0.0.0, Culture=neutral, PublicKeyToken=b03f5f7f11d50a3a' inside file 'C:\Program Files\dotnet\sdk\8.0.400\Extensions\Microsoft.TestPlatform.TestHostRuntimeProvider.dll'
TpTrace Information: 0 : 17728, 1, 2025/02/04, 23:56:13.722, 51314865550, vstest.console.dll, AssemblyResolver.OnResolve: Microsoft.VisualStudio.TestPlatform.Extensions.Html.TestLogger: Resolving assembly.
TpTrace Information: 0 : 17728, 1, 2025/02/04, 23:56:13.722, 51314865925, vstest.console.dll, AssemblyResolver.OnResolve: Microsoft.VisualStudio.TestPlatform.Extensions.Html.TestLogger: Searching in: 'C:\Program Files\dotnet\sdk\8.0.400\Extensions'.
TpTrace Information: 0 : 17728, 1, 2025/02/04, 23:56:13.723, 51314868232, vstest.console.dll, AssemblyResolver.OnResolve: Microsoft.VisualStudio.TestPlatform.Extensions.Html.TestLogger: Loading assembly 'C:\Program Files\dotnet\sdk\8.0.400\Extensions\Microsoft.VisualStudio.TestPlatform.Extensions.Html.TestLogger.dll'.
TpTrace Information: 0 : 17728, 1, 2025/02/04, 23:56:13.723, 51314871481, vstest.console.dll, AssemblyResolver.OnResolve: Resolved assembly: Microsoft.VisualStudio.TestPlatform.Extensions.Html.TestLogger, from path: C:\Program Files\dotnet\sdk\8.0.400\Extensions\Microsoft.VisualStudio.TestPlatform.Extensions.Html.TestLogger.dll
TpTrace Verbose: 0 : 17728, 1, 2025/02/04, 23:56:13.723, 51314872180, vstest.console.dll, MetadataReaderExtensionsHelper: Discovering extensions inside assembly 'Microsoft.VisualStudio.TestPlatform.Extensions.Html.TestLogger, Version=15.0.0.0, Culture=neutral, PublicKeyToken=b03f5f7f11d50a3a' file path 'C:\Program Files\dotnet\sdk\8.0.400\Extensions\Microsoft.VisualStudio.TestPlatform.Extensions.Html.TestLogger.dll'
TpTrace Information: 0 : 17728, 1, 2025/02/04, 23:56:13.724, 51314878402, vstest.console.dll, AssemblyResolver.OnResolve: Microsoft.VisualStudio.TestPlatform.Extensions.Trx.TestLogger: Resolving assembly.
TpTrace Information: 0 : 17728, 1, 2025/02/04, 23:56:13.724, 51314879167, vstest.console.dll, AssemblyResolver.OnResolve: Microsoft.VisualStudio.TestPlatform.Extensions.Trx.TestLogger: Searching in: 'C:\Program Files\dotnet\sdk\8.0.400\Extensions'.
TpTrace Information: 0 : 17728, 1, 2025/02/04, 23:56:13.724, 51314881256, vstest.console.dll, AssemblyResolver.OnResolve: Microsoft.VisualStudio.TestPlatform.Extensions.Trx.TestLogger: Loading assembly 'C:\Program Files\dotnet\sdk\8.0.400\Extensions\Microsoft.VisualStudio.TestPlatform.Extensions.Trx.TestLogger.dll'.
TpTrace Information: 0 : 17728, 1, 2025/02/04, 23:56:13.724, 51314884320, vstest.console.dll, AssemblyResolver.OnResolve: Resolved assembly: Microsoft.VisualStudio.TestPlatform.Extensions.Trx.TestLogger, from path: C:\Program Files\dotnet\sdk\8.0.400\Extensions\Microsoft.VisualStudio.TestPlatform.Extensions.Trx.TestLogger.dll
TpTrace Verbose: 0 : 17728, 1, 2025/02/04, 23:56:13.724, 51314884908, vstest.console.dll, MetadataReaderExtensionsHelper: Discovering extensions inside assembly 'Microsoft.VisualStudio.TestPlatform.Extensions.Trx.TestLogger, Version=15.0.0.0, Culture=neutral, PublicKeyToken=b03f5f7f11d50a3a' file path 'C:\Program Files\dotnet\sdk\8.0.400\Extensions\Microsoft.VisualStudio.TestPlatform.Extensions.Trx.TestLogger.dll'
TpTrace Verbose: 0 : 17728, 1, 2025/02/04, 23:56:13.725, 51314892800, vstest.console.dll, TestPluginCache: Discovered the extensions using extension path ''.
TpTrace Verbose: 0 : 17728, 1, 2025/02/04, 23:56:13.725, 51314893464, vstest.console.dll, TestPluginCache: Discoverers are ''.
TpTrace Verbose: 0 : 17728, 1, 2025/02/04, 23:56:13.725, 51314893712, vstest.console.dll, TestPluginCache: Executors are ''.
TpTrace Verbose: 0 : 17728, 1, 2025/02/04, 23:56:13.725, 51314893878, vstest.console.dll, TestPluginCache: Executors2 are ''.
TpTrace Verbose: 0 : 17728, 1, 2025/02/04, 23:56:13.725, 51314894036, vstest.console.dll, TestPluginCache: Setting providers are ''.
TpTrace Verbose: 0 : 17728, 1, 2025/02/04, 23:56:13.725, 51314894191, vstest.console.dll, TestPluginCache: Loggers are ''.
TpTrace Verbose: 0 : 17728, 1, 2025/02/04, 23:56:13.725, 51314895709, vstest.console.dll, TestPluginCache: TestHosts are 'HostProvider://DefaultTestHost,HostProvider://DotnetTestHost'.
TpTrace Verbose: 0 : 17728, 1, 2025/02/04, 23:56:13.726, 51314896024, vstest.console.dll, TestPluginCache: DataCollectors are ''.
TpTrace Information: 0 : 17728, 1, 2025/02/04, 23:56:13.737, 51315007836, vstest.console.dll, RunTestsArgumentProcessor:Execute: Test run is starting.
TpTrace Verbose: 0 : 17728, 1, 2025/02/04, 23:56:13.737, 51315008732, vstest.console.dll, RunTestsArgumentProcessor:Execute: Queuing Test run.
TpTrace Information: 0 : 17728, 1, 2025/02/04, 23:56:13.737, 51315010491, vstest.console.dll, TestRequestManager.RunTests: run tests started.
TpTrace Information: 0 : 17728, 1, 2025/02/04, 23:56:13.738, 51315020327, vstest.console.dll, AssemblyMetadataProvider.GetFrameworkName: Determined framework:'.NETCoreApp,Version=v8.0' for source: 'C:\Users\Arthu\OneDrive\Área de Trabalho\Projetos\AulaCursoAPI\LojinhaApi\ProdutosUnitTest\bin\Debug\net8.0\fine-code-coverage\build-output\ProdutosUnitTest.dll'
TpTrace Information: 0 : 17728, 1, 2025/02/04, 23:56:13.738, 51315021727, vstest.console.dll, Determined framework for all sources: .NETCoreApp,Version=v8.0
TpTrace Verbose: 0 : 17728, 1, 2025/02/04, 23:56:13.738, 51315024402, vstest.console.dll, TestRequestManager.UpdateRunSettingsIfRequired: Default architecture: X64 IsDefaultTargetArchitecture: True, Current process architecture: X64 OperatingSystem: Windows.
TpTrace Information: 0 : 17728, 1, 2025/02/04, 23:56:13.740, 51315037671, vstest.console.dll, AssemblyMetadataProvider.GetArchitecture: Determined architecture:AnyCPU info for assembly: C:\Users\Arthu\OneDrive\Área de Trabalho\Projetos\AulaCursoAPI\LojinhaApi\ProdutosUnitTest\bin\Debug\net8.0\fine-code-coverage\build-output\ProdutosUnitTest.dll
TpTrace Information: 0 : 17728, 1, 2025/02/04, 23:56:13.740, 51315038206, vstest.console.dll, Determined platform for source 'C:\Users\Arthu\OneDrive\Área de Trabalho\Projetos\AulaCursoAPI\LojinhaApi\ProdutosUnitTest\bin\Debug\net8.0\fine-code-coverage\build-output\ProdutosUnitTest.dll' was AnyCPU and it will use the default plaform X64.
TpTrace Information: 0 : 17728, 1, 2025/02/04, 23:56:13.740, 51315038397, vstest.console.dll, None of the sources provided any runnable platform, using the default platform: X64
TpTrace Information: 0 : 17728, 1, 2025/02/04, 23:56:13.740, 51315039079, vstest.console.dll, Platform was updated to 'X64'.
TpTrace Information: 0 : 17728, 1, 2025/02/04, 23:56:13.742, 51315064675, vstest.console.dll, InferRunSettingsHelper.IsTestSettingsEnabled: Unable to navigate to RunSettings/MSTest. Current node: RunSettings
TpTrace Information: 0 : 17728, 1, 2025/02/04, 23:56:13.743, 51315070940, vstest.console.dll, AssemblyResolver.OnResolve: Microsoft.VisualStudio.TestPlatform.Fakes: Resolving assembly.
TpTrace Information: 0 : 17728, 1, 2025/02/04, 23:56:13.743, 51315072166, vstest.console.dll, AssemblyResolver.OnResolve: Microsoft.VisualStudio.TestPlatform.Fakes: Searching in: 'C:\Program Files\dotnet\sdk\8.0.400\Extensions'.
TpTrace Information: 0 : 17728, 1, 2025/02/04, 23:56:13.743, 51315073340, vstest.console.dll, AssemblyResolver.OnResolve: Microsoft.VisualStudio.TestPlatform.Fakes: Assembly path does not exist: 'C:\Program Files\dotnet\sdk\8.0.400\Extensions\Microsoft.VisualStudio.TestPlatform.Fakes.dll', returning.
TpTrace Information: 0 : 17728, 1, 2025/02/04, 23:56:13.743, 51315073993, vstest.console.dll, AssemblyResolver.OnResolve: Microsoft.VisualStudio.TestPlatform.Fakes: Assembly path does not exist: 'C:\Program Files\dotnet\sdk\8.0.400\Extensions\Microsoft.VisualStudio.TestPlatform.Fakes.exe', returning.
TpTrace Information: 0 : 17728, 1, 2025/02/04, 23:56:13.743, 51315074309, vstest.console.dll, AssemblyResolver.OnResolve: Microsoft.VisualStudio.TestPlatform.Fakes: Searching in: 'C:\Program Files\dotnet\sdk\8.0.400'.
TpTrace Information: 0 : 17728, 1, 2025/02/04, 23:56:13.743, 51315074957, vstest.console.dll, AssemblyResolver.OnResolve: Microsoft.VisualStudio.TestPlatform.Fakes: Assembly path does not exist: 'C:\Program Files\dotnet\sdk\8.0.400\Microsoft.VisualStudio.TestPlatform.Fakes.dll', returning.
TpTrace Information: 0 : 17728, 1, 2025/02/04, 23:56:13.743, 51315075445, vstest.console.dll, AssemblyResolver.OnResolve: Microsoft.VisualStudio.TestPlatform.Fakes: Assembly path does not exist: 'C:\Program Files\dotnet\sdk\8.0.400\Microsoft.VisualStudio.TestPlatform.Fakes.exe', returning.
TpTrace Information: 0 : 17728, 1, 2025/02/04, 23:56:13.743, 51315075715, vstest.console.dll, AssemblyResolver.OnResolve: Microsoft.VisualStudio.TestPlatform.Fakes: Failed to load assembly.
TpTrace Information: 0 : 17728, 1, 2025/02/04, 23:56:13.744, 51315079698, vstest.console.dll, Failed to load assembly Microsoft.VisualStudio.TestPlatform.Fakes, Version=17.0.0.0, Culture=neutral. Reason:System.IO.FileNotFoundException: Could not load file or assembly 'Microsoft.VisualStudio.TestPlatform.Fakes, Version=17.0.0.0, Culture=neutral, PublicKeyToken=null'. O sistema não pode encontrar o arquivo especificado.
File name: 'Microsoft.VisualStudio.TestPlatform.Fakes, Version=17.0.0.0, Culture=neutral, PublicKeyToken=null'
   at System.Reflection.RuntimeAssembly.InternalLoad(AssemblyName assemblyName, StackCrawlMark& stackMark, AssemblyLoadContext assemblyLoadContext, RuntimeAssembly requestingAssembly, Boolean throwOnFileNotFound)
   at System.Reflection.Assembly.Load(AssemblyName assemblyRef)
   at Microsoft.VisualStudio.TestPlatform.Common.Utilities.FakesUtilities.LoadTestPlatformAssembly() in /_/src/Microsoft.TestPlatform.Common/Utilities/FakesUtilities.cs:line 272
TpTrace Verbose: 0 : 17728, 1, 2025/02/04, 23:56:13.747, 51315110118, vstest.console.dll, TestPluginCache.DiscoverTestExtensions: finding test extensions in assemblies ends with: TestLogger.dll TPluginInfo: Microsoft.VisualStudio.TestPlatform.Common.ExtensionFramework.Utilities.TestLoggerPluginInformation TExtension: Microsoft.VisualStudio.TestPlatform.ObjectModel.Client.ITestLogger
TpTrace Verbose: 0 : 17728, 1, 2025/02/04, 23:56:13.747, 51315111222, vstest.console.dll, TestPluginCache.GetExtensionPaths: Filtered extension paths: 
TpTrace Verbose: 0 : 17728, 1, 2025/02/04, 23:56:13.747, 51315111478, vstest.console.dll, TestPluginCache.GetExtensionPaths: Added default extension paths: C:\Program Files\dotnet\sdk\8.0.400\Extensions\Microsoft.Diagnostics.NETCore.Client.dll
C:\Program Files\dotnet\sdk\8.0.400\Extensions\Microsoft.TestPlatform.Extensions.BlameDataCollector.dll
C:\Program Files\dotnet\sdk\8.0.400\Extensions\Microsoft.TestPlatform.Extensions.EventLogCollector.dll
C:\Program Files\dotnet\sdk\8.0.400\Extensions\Microsoft.TestPlatform.TestHostRuntimeProvider.dll
C:\Program Files\dotnet\sdk\8.0.400\Extensions\Microsoft.VisualStudio.TestPlatform.Extensions.Html.TestLogger.dll
C:\Program Files\dotnet\sdk\8.0.400\Extensions\Microsoft.VisualStudio.TestPlatform.Extensions.Trx.TestLogger.dll
TpTrace Verbose: 0 : 17728, 1, 2025/02/04, 23:56:13.747, 51315111713, vstest.console.dll, TestPluginCache.GetExtensionPaths: Added unfilterableExtensionPaths: 
TpTrace Information: 0 : 17728, 1, 2025/02/04, 23:56:13.747, 51315112749, vstest.console.dll, AssemblyResolver.AddSearchDirectories: Adding more searchDirectories C:\Program Files\dotnet\sdk\8.0.400\Extensions,C:\Program Files\dotnet\sdk\8.0.400
TpTrace Verbose: 0 : 17728, 1, 2025/02/04, 23:56:13.747, 51315113107, vstest.console.dll, TestPluginCache.DiscoverTestExtensions: Discovering the extensions using extension path.
TpTrace Verbose: 0 : 17728, 1, 2025/02/04, 23:56:13.747, 51315113401, vstest.console.dll, TestPluginCache.GetExtensionPaths: Filtered extension paths: 
TpTrace Verbose: 0 : 17728, 1, 2025/02/04, 23:56:13.747, 51315113588, vstest.console.dll, TestPluginCache.GetExtensionPaths: Added default extension paths: C:\Program Files\dotnet\sdk\8.0.400\Extensions\Microsoft.Diagnostics.NETCore.Client.dll
C:\Program Files\dotnet\sdk\8.0.400\Extensions\Microsoft.TestPlatform.Extensions.BlameDataCollector.dll
C:\Program Files\dotnet\sdk\8.0.400\Extensions\Microsoft.TestPlatform.Extensions.EventLogCollector.dll
C:\Program Files\dotnet\sdk\8.0.400\Extensions\Microsoft.TestPlatform.TestHostRuntimeProvider.dll
C:\Program Files\dotnet\sdk\8.0.400\Extensions\Microsoft.VisualStudio.TestPlatform.Extensions.Html.TestLogger.dll
C:\Program Files\dotnet\sdk\8.0.400\Extensions\Microsoft.VisualStudio.TestPlatform.Extensions.Trx.TestLogger.dll
TpTrace Verbose: 0 : 17728, 1, 2025/02/04, 23:56:13.747, 51315113773, vstest.console.dll, TestPluginCache.GetExtensionPaths: Added unfilterableExtensionPaths: 
TpTrace Verbose: 0 : 17728, 1, 2025/02/04, 23:56:13.747, 51315113993, vstest.console.dll, TestPluginCache.DiscoverTestExtensions: Discovering the extensions using allExtensionPaths: C:\Program Files\dotnet\sdk\8.0.400\Extensions\Microsoft.Diagnostics.NETCore.Client.dll
C:\Program Files\dotnet\sdk\8.0.400\Extensions\Microsoft.TestPlatform.Extensions.BlameDataCollector.dll
C:\Program Files\dotnet\sdk\8.0.400\Extensions\Microsoft.TestPlatform.Extensions.EventLogCollector.dll
C:\Program Files\dotnet\sdk\8.0.400\Extensions\Microsoft.TestPlatform.TestHostRuntimeProvider.dll
C:\Program Files\dotnet\sdk\8.0.400\Extensions\Microsoft.VisualStudio.TestPlatform.Extensions.Html.TestLogger.dll
C:\Program Files\dotnet\sdk\8.0.400\Extensions\Microsoft.VisualStudio.TestPlatform.Extensions.Trx.TestLogger.dll
TpTrace Information: 0 : 17728, 1, 2025/02/04, 23:56:13.747, 51315114792, vstest.console.dll, AssemblyResolver.AddSearchDirectories: Adding more searchDirectories C:\Program Files\dotnet\sdk\8.0.400\Extensions,C:\Program Files\dotnet\sdk\8.0.400
TpTrace Information: 0 : 17728, 1, 2025/02/04, 23:56:13.747, 51315115139, vstest.console.dll, AssemblyResolver.AddSearchDirectories: Adding more searchDirectories C:\Program Files\dotnet\sdk\8.0.400\Extensions,C:\Program Files\dotnet\sdk\8.0.400
TpTrace Information: 0 : 17728, 1, 2025/02/04, 23:56:13.747, 51315115335, vstest.console.dll, AssemblyResolver.AddSearchDirectories: Adding more searchDirectories C:\Program Files\dotnet\sdk\8.0.400\Extensions,C:\Program Files\dotnet\sdk\8.0.400
TpTrace Information: 0 : 17728, 1, 2025/02/04, 23:56:13.747, 51315115524, vstest.console.dll, AssemblyResolver.AddSearchDirectories: Adding more searchDirectories C:\Program Files\dotnet\sdk\8.0.400\Extensions,C:\Program Files\dotnet\sdk\8.0.400
TpTrace Information: 0 : 17728, 1, 2025/02/04, 23:56:13.747, 51315115732, vstest.console.dll, AssemblyResolver.AddSearchDirectories: Adding more searchDirectories C:\Program Files\dotnet\sdk\8.0.400\Extensions,C:\Program Files\dotnet\sdk\8.0.400
TpTrace Information: 0 : 17728, 1, 2025/02/04, 23:56:13.747, 51315115925, vstest.console.dll, AssemblyResolver.AddSearchDirectories: Adding more searchDirectories C:\Program Files\dotnet\sdk\8.0.400\Extensions,C:\Program Files\dotnet\sdk\8.0.400
TpTrace Verbose: 0 : 17728, 1, 2025/02/04, 23:56:13.748, 51315116762, vstest.console.dll, MetadataReaderExtensionsHelper: Discovering extensions inside assembly 'Microsoft.Diagnostics.NETCore.Client, Version=0.2.10.30701, Culture=neutral, PublicKeyToken=31bf3856ad364e35' file path 'C:\Program Files\dotnet\sdk\8.0.400\Extensions\Microsoft.Diagnostics.NETCore.Client.dll'
TpTrace Information: 0 : 17728, 1, 2025/02/04, 23:56:13.748, 51315122971, vstest.console.dll, AssemblyResolver.OnResolve: Microsoft.Bcl.AsyncInterfaces: Resolving assembly.
TpTrace Information: 0 : 17728, 1, 2025/02/04, 23:56:13.748, 51315123491, vstest.console.dll, AssemblyResolver.OnResolve: Microsoft.Bcl.AsyncInterfaces: Resolved from cache.
TpTrace Verbose: 0 : 17728, 1, 2025/02/04, 23:56:13.748, 51315123689, vstest.console.dll, CurrentDomainAssemblyResolve: Resolving assembly 'Microsoft.Bcl.AsyncInterfaces'.
TpTrace Information: 0 : 17728, 1, 2025/02/04, 23:56:13.748, 51315124019, vstest.console.dll, AssemblyResolver.OnResolve: Microsoft.Bcl.AsyncInterfaces: Resolving assembly.
TpTrace Information: 0 : 17728, 1, 2025/02/04, 23:56:13.748, 51315124205, vstest.console.dll, AssemblyResolver.OnResolve: Microsoft.Bcl.AsyncInterfaces: Resolved from cache.
TpTrace Verbose: 0 : 17728, 1, 2025/02/04, 23:56:13.748, 51315124371, vstest.console.dll, CurrentDomainAssemblyResolve: Resolving assembly 'Microsoft.Bcl.AsyncInterfaces'.
TpTrace Verbose: 0 : 17728, 1, 2025/02/04, 23:56:13.748, 51315124550, vstest.console.dll, CurrentDomainAssemblyResolve: Failed to resolve assembly 'Microsoft.Bcl.AsyncInterfaces'.
TpTrace Verbose: 0 : 17728, 1, 2025/02/04, 23:56:13.748, 51315125736, vstest.console.dll, CurrentDomainAssemblyResolve: Failed to resolve assembly 'Microsoft.Bcl.AsyncInterfaces'.
TpTrace Warning: 0 : 17728, 1, 2025/02/04, 23:56:13.749, 51315128793, vstest.console.dll, TestPluginDiscoverer: Failed to get types from assembly 'Microsoft.Diagnostics.NETCore.Client, Version=0.2.10.30701, Culture=neutral, PublicKeyToken=31bf3856ad364e35'. Error: System.Reflection.ReflectionTypeLoadException: Unable to load one or more of the requested types.
Could not load file or assembly 'Microsoft.Bcl.AsyncInterfaces, Version=6.0.0.0, Culture=neutral, PublicKeyToken=cc7b13ffcd2ddd51'. O sistema não pode encontrar o arquivo especificado.
   at System.Reflection.RuntimeModule.GetTypes(RuntimeModule module)
   at System.Reflection.RuntimeModule.GetTypes()
   at Microsoft.VisualStudio.TestPlatform.Common.ExtensionFramework.TestPluginDiscoverer.GetTestExtensionsFromAssembly[TPluginInfo,TExtension](Assembly assembly, Dictionary`2 pluginInfos, String filePath) in /_/src/Microsoft.TestPlatform.Common/ExtensionFramework/TestPluginDiscoverer.cs:line 158
System.IO.FileNotFoundException: Could not load file or assembly 'Microsoft.Bcl.AsyncInterfaces, Version=6.0.0.0, Culture=neutral, PublicKeyToken=cc7b13ffcd2ddd51'. O sistema não pode encontrar o arquivo especificado.
File name: 'Microsoft.Bcl.AsyncInterfaces, Version=6.0.0.0, Culture=neutral, PublicKeyToken=cc7b13ffcd2ddd51'
 ---> System.IO.FileNotFoundException: Could not load file or assembly 'Microsoft.Bcl.AsyncInterfaces, Culture=neutral, PublicKeyToken=null'. O sistema não pode encontrar o arquivo especificado.
File name: 'Microsoft.Bcl.AsyncInterfaces, Culture=neutral, PublicKeyToken=null'
   at System.Reflection.RuntimeAssembly.InternalLoad(AssemblyName assemblyName, StackCrawlMark& stackMark, AssemblyLoadContext assemblyLoadContext, RuntimeAssembly requestingAssembly, Boolean throwOnFileNotFound)
   at System.Reflection.Assembly.Load(AssemblyName assemblyRef)
   at Microsoft.VisualStudio.TestPlatform.Common.ExtensionFramework.TestPluginCache.CurrentDomainAssemblyResolve(Object sender, AssemblyResolveEventArgs args) in /_/src/Microsoft.TestPlatform.Common/ExtensionFramework/TestPluginCache.cs:line 513
   at System.Runtime.Loader.AssemblyLoadContext.GetFirstResolvedAssemblyFromResolvingEvent(AssemblyName assemblyName)
   at System.Runtime.Loader.AssemblyLoadContext.ResolveUsingEvent(AssemblyName assemblyName)
   at System.Runtime.Loader.AssemblyLoadContext.ResolveUsingResolvingEvent(IntPtr gchManagedAssemblyLoadContext, AssemblyName assemblyName)
TpTrace Warning: 0 : 17728, 1, 2025/02/04, 23:56:13.749, 51315130120, vstest.console.dll, LoaderExceptions: System.IO.FileNotFoundException: Could not load file or assembly 'Microsoft.Bcl.AsyncInterfaces, Version=6.0.0.0, Culture=neutral, PublicKeyToken=cc7b13ffcd2ddd51'. O sistema não pode encontrar o arquivo especificado.
File name: 'Microsoft.Bcl.AsyncInterfaces, Version=6.0.0.0, Culture=neutral, PublicKeyToken=cc7b13ffcd2ddd51'
 ---> System.IO.FileNotFoundException: Could not load file or assembly 'Microsoft.Bcl.AsyncInterfaces, Culture=neutral, PublicKeyToken=null'. O sistema não pode encontrar o arquivo especificado.
File name: 'Microsoft.Bcl.AsyncInterfaces, Culture=neutral, PublicKeyToken=null'
   at System.Reflection.RuntimeAssembly.InternalLoad(AssemblyName assemblyName, StackCrawlMark& stackMark, AssemblyLoadContext assemblyLoadContext, RuntimeAssembly requestingAssembly, Boolean throwOnFileNotFound)
   at System.Reflection.Assembly.Load(AssemblyName assemblyRef)
   at Microsoft.VisualStudio.TestPlatform.Common.ExtensionFramework.TestPluginCache.CurrentDomainAssemblyResolve(Object sender, AssemblyResolveEventArgs args) in /_/src/Microsoft.TestPlatform.Common/ExtensionFramework/TestPluginCache.cs:line 513
   at System.Runtime.Loader.AssemblyLoadContext.GetFirstResolvedAssemblyFromResolvingEvent(AssemblyName assemblyName)
   at System.Runtime.Loader.AssemblyLoadContext.ResolveUsingEvent(AssemblyName assemblyName)
   at System.Runtime.Loader.AssemblyLoadContext.ResolveUsingResolvingEvent(IntPtr gchManagedAssemblyLoadContext, AssemblyName assemblyName)
TpTrace Verbose: 0 : 17728, 1, 2025/02/04, 23:56:13.749, 51315130738, vstest.console.dll, MetadataReaderExtensionsHelper: Discovering extensions inside assembly 'Microsoft.TestPlatform.Extensions.BlameDataCollector, Version=15.0.0.0, Culture=neutral, PublicKeyToken=b03f5f7f11d50a3a' file path 'C:\Program Files\dotnet\sdk\8.0.400\Extensions\Microsoft.TestPlatform.Extensions.BlameDataCollector.dll'
TpTrace Information: 0 : 17728, 1, 2025/02/04, 23:56:13.749, 51315134143, vstest.console.dll, GetTestExtensionFromType: Register extension with identifier data 'logger://Microsoft/TestPlatform/Extensions/Blame/v1' and type 'Microsoft.TestPlatform.Extensions.BlameDataCollector.BlameLogger, Microsoft.TestPlatform.Extensions.BlameDataCollector, Version=15.0.0.0, Culture=neutral, PublicKeyToken=b03f5f7f11d50a3a' inside file 'C:\Program Files\dotnet\sdk\8.0.400\Extensions\Microsoft.TestPlatform.Extensions.BlameDataCollector.dll'
TpTrace Verbose: 0 : 17728, 1, 2025/02/04, 23:56:13.749, 51315134617, vstest.console.dll, MetadataReaderExtensionsHelper: Discovering extensions inside assembly 'Microsoft.TestPlatform.Extensions.EventLogCollector, Version=15.0.0.0, Culture=neutral, PublicKeyToken=b03f5f7f11d50a3a' file path 'C:\Program Files\dotnet\sdk\8.0.400\Extensions\Microsoft.TestPlatform.Extensions.EventLogCollector.dll'
TpTrace Verbose: 0 : 17728, 1, 2025/02/04, 23:56:13.750, 51315136510, vstest.console.dll, MetadataReaderExtensionsHelper: Discovering extensions inside assembly 'Microsoft.TestPlatform.TestHostRuntimeProvider, Version=15.0.0.0, Culture=neutral, PublicKeyToken=b03f5f7f11d50a3a' file path 'C:\Program Files\dotnet\sdk\8.0.400\Extensions\Microsoft.TestPlatform.TestHostRuntimeProvider.dll'
TpTrace Verbose: 0 : 17728, 1, 2025/02/04, 23:56:13.750, 51315138529, vstest.console.dll, MetadataReaderExtensionsHelper: Discovering extensions inside assembly 'Microsoft.VisualStudio.TestPlatform.Extensions.Html.TestLogger, Version=15.0.0.0, Culture=neutral, PublicKeyToken=b03f5f7f11d50a3a' file path 'C:\Program Files\dotnet\sdk\8.0.400\Extensions\Microsoft.VisualStudio.TestPlatform.Extensions.Html.TestLogger.dll'
TpTrace Information: 0 : 17728, 1, 2025/02/04, 23:56:13.750, 51315142297, vstest.console.dll, GetTestExtensionFromType: Register extension with identifier data 'logger://Microsoft/TestPlatform/HtmlLogger/v1' and type 'Microsoft.VisualStudio.TestPlatform.Extensions.HtmlLogger.HtmlLogger, Microsoft.VisualStudio.TestPlatform.Extensions.Html.TestLogger, Version=15.0.0.0, Culture=neutral, PublicKeyToken=b03f5f7f11d50a3a' inside file 'C:\Program Files\dotnet\sdk\8.0.400\Extensions\Microsoft.VisualStudio.TestPlatform.Extensions.Html.TestLogger.dll'
TpTrace Verbose: 0 : 17728, 1, 2025/02/04, 23:56:13.750, 51315142772, vstest.console.dll, MetadataReaderExtensionsHelper: Discovering extensions inside assembly 'Microsoft.VisualStudio.TestPlatform.Extensions.Trx.TestLogger, Version=15.0.0.0, Culture=neutral, PublicKeyToken=b03f5f7f11d50a3a' file path 'C:\Program Files\dotnet\sdk\8.0.400\Extensions\Microsoft.VisualStudio.TestPlatform.Extensions.Trx.TestLogger.dll'
TpTrace Information: 0 : 17728, 1, 2025/02/04, 23:56:13.750, 51315145201, vstest.console.dll, GetTestExtensionFromType: Register extension with identifier data 'logger://Microsoft/TestPlatform/TrxLogger/v1' and type 'Microsoft.VisualStudio.TestPlatform.Extensions.TrxLogger.TrxLogger, Microsoft.VisualStudio.TestPlatform.Extensions.Trx.TestLogger, Version=15.0.0.0, Culture=neutral, PublicKeyToken=b03f5f7f11d50a3a' inside file 'C:\Program Files\dotnet\sdk\8.0.400\Extensions\Microsoft.VisualStudio.TestPlatform.Extensions.Trx.TestLogger.dll'
TpTrace Verbose: 0 : 17728, 1, 2025/02/04, 23:56:13.750, 51315145711, vstest.console.dll, TestPluginCache: Discovered the extensions using extension path ''.
TpTrace Verbose: 0 : 17728, 1, 2025/02/04, 23:56:13.750, 51315145914, vstest.console.dll, TestPluginCache: Discoverers are ''.
TpTrace Verbose: 0 : 17728, 1, 2025/02/04, 23:56:13.751, 51315146075, vstest.console.dll, TestPluginCache: Executors are ''.
TpTrace Verbose: 0 : 17728, 1, 2025/02/04, 23:56:13.751, 51315146229, vstest.console.dll, TestPluginCache: Executors2 are ''.
TpTrace Verbose: 0 : 17728, 1, 2025/02/04, 23:56:13.751, 51315146381, vstest.console.dll, TestPluginCache: Setting providers are ''.
TpTrace Verbose: 0 : 17728, 1, 2025/02/04, 23:56:13.751, 51315146909, vstest.console.dll, TestPluginCache: Loggers are 'logger://Microsoft/TestPlatform/Extensions/Blame/v1,logger://Microsoft/TestPlatform/HtmlLogger/v1,logger://Microsoft/TestPlatform/TrxLogger/v1'.
TpTrace Verbose: 0 : 17728, 1, 2025/02/04, 23:56:13.751, 51315147237, vstest.console.dll, TestPluginCache: TestHosts are 'HostProvider://DefaultTestHost,HostProvider://DotnetTestHost'.
TpTrace Verbose: 0 : 17728, 1, 2025/02/04, 23:56:13.751, 51315147438, vstest.console.dll, TestPluginCache: DataCollectors are ''.
TpTrace Information: 0 : 17728, 1, 2025/02/04, 23:56:13.751, 51315154114, vstest.console.dll, TestPluginManager.CreateTestExtension: Attempting to load test extension: Microsoft.TestPlatform.Extensions.BlameDataCollector.BlameLogger
TpTrace Verbose: 0 : 17728, 1, 2025/02/04, 23:56:13.757, 51315210421, vstest.console.dll, TestEngine: Initializing Parallel Execution as MaxCpuCount is set to: 1
TpTrace Information: 0 : 17728, 1, 2025/02/04, 23:56:13.758, 51315222812, vstest.console.dll, TestPluginManager.CreateTestExtension: Attempting to load test extension: Microsoft.VisualStudio.TestPlatform.CrossPlatEngine.Hosting.DefaultTestHostManager
TpTrace Information: 0 : 17728, 1, 2025/02/04, 23:56:13.759, 51315230097, vstest.console.dll, TestPluginManager.CreateTestExtension: Attempting to load test extension: Microsoft.VisualStudio.TestPlatform.CrossPlatEngine.Hosting.DotnetTestHostManager
TpTrace Verbose: 0 : 17728, 1, 2025/02/04, 23:56:13.759, 51315233047, vstest.console.dll, TestHostManagerCallbacks.ctor: Forwarding output is enabled.
TpTrace Information: 0 : 17728, 1, 2025/02/04, 23:56:13.760, 51315237996, vstest.console.dll, InferRunSettingsHelper.IsTestSettingsEnabled: Unable to navigate to RunSettings/MSTest. Current node: RunSettings
TpTrace Verbose: 0 : 17728, 1, 2025/02/04, 23:56:13.760, 51315243098, vstest.console.dll, ParallelOperationManager.ClearSlots: Clearing all slots. Slots should accept more work: True
TpTrace Verbose: 0 : 17728, 1, 2025/02/04, 23:56:13.761, 51315249536, vstest.console.dll, ParallelOperationManager.SetOccupiedSlotCount: Setting slot counts AvailableSlotCount = 1, OccupiedSlotCount = 0.
TpTrace Verbose: 0 : 17728, 1, 2025/02/04, 23:56:13.761, 51315252941, vstest.console.dll, Occupied slots:

TpTrace Verbose: 0 : 17728, 1, 2025/02/04, 23:56:13.765, 51315290346, vstest.console.dll, TestEngine.GetExecutionManager: Chosen execution manager 'Microsoft.VisualStudio.TestPlatform.CrossPlatEngine.Client.Parallel.ParallelProxyExecutionManager, Microsoft.TestPlatform.CrossPlatEngine, Version=15.0.0.0, Culture=neutral, PublicKeyToken=b03f5f7f11d50a3a' ParallelLevel '1'.
TpTrace Verbose: 0 : 17728, 1, 2025/02/04, 23:56:13.765, 51315292813, vstest.console.dll, TestPlatform.GetSkipDefaultAdapters: Not skipping default adapters SkipDefaultAdapters was false.
TpTrace Verbose: 0 : 17728, 1, 2025/02/04, 23:56:13.765, 51315294074, vstest.console.dll, TestRunRequest.ExecuteAsync: Creating test run request.
TpTrace Verbose: 0 : 17728, 1, 2025/02/04, 23:56:13.766, 51315296316, vstest.console.dll, TestRunRequest.ExecuteAsync: Starting.
TpTrace Information: 0 : 17728, 1, 2025/02/04, 23:56:13.767, 51315307385, vstest.console.dll, TestRunRequest.ExecuteAsync: Starting run with settings:TestRunCriteria:
   KeepAlive=False,FrequencyOfRunStatsChangeEvent=10,RunStatsChangeEventTimeout=00:00:01.5000000,TestCaseFilter=,TestExecutorLauncher=
   Settingsxml=<RunSettings>
  <RunConfiguration>
    <ResultsDirectory>C:\Users\Arthu\OneDrive\Área de Trabalho\Projetos\AulaCursoAPI\LojinhaApi\ProdutosUnitTest\bin\Debug\net8.0\fine-code-coverage\coverage-tool-output</ResultsDirectory>
    <TargetPlatform>X64</TargetPlatform>
    <TargetFrameworkVersion>.NETCoreApp,Version=v8.0</TargetFrameworkVersion>
    <DesignMode>False</DesignMode>
    <CollectSourceInformation>False</CollectSourceInformation>
  </RunConfiguration>
  <LoggerRunSettings>
    <Loggers>
      <Logger friendlyName="blame" enabled="True" />
      <Logger friendlyName="Console" uri="logger://microsoft/TestPlatform/ConsoleLogger/v1" assemblyQualifiedName="Microsoft.VisualStudio.TestPlatform.CommandLine.Internal.ConsoleLogger, vstest.console, Version=15.0.0.0, Culture=neutral, PublicKeyToken=b03f5f7f11d50a3a" codeBase="C:\Program Files\dotnet\sdk\8.0.400\vstest.console.dll" enabled="True" />
    </Loggers>
  </LoggerRunSettings>
  <DataCollectionRunSettings>
    <DataCollectors>
      <DataCollector friendlyName="blame" enabled="True">
        <Configuration>
          <ResultsDirectory>C:\Users\Arthu\OneDrive\Área de Trabalho\Projetos\AulaCursoAPI\LojinhaApi\ProdutosUnitTest\bin\Debug\net8.0\fine-code-coverage\coverage-tool-output</ResultsDirectory>
        </Configuration>
      </DataCollector>
    </DataCollectors>
  </DataCollectionRunSettings>
</RunSettings>

TpTrace Verbose: 0 : 17728, 1, 2025/02/04, 23:56:13.767, 51315308287, vstest.console.dll, TestRunRequest.ExecuteAsync: Wait for the first run request is over.
TpTrace Verbose: 0 : 17728, 1, 2025/02/04, 23:56:13.767, 51315311696, vstest.console.dll, MulticastDelegateUtilities.SafeInvoke: TestRun.TestRunStart: Invoking callbacks was skipped because there are no subscribers.
TpTrace Verbose: 0 : 17728, 4, 2025/02/04, 23:56:13.767, 51315314323, vstest.console.dll, MulticastDelegateUtilities.SafeInvoke: InternalTestLoggerEvents.SendTestRunStart: Invoking callback 1/1 for Microsoft.VisualStudio.TestPlatform.CommandLine.Internal.ConsoleLogger., took 0 ms.
TpTrace Verbose: 0 : 17728, 1, 2025/02/04, 23:56:13.768, 51315322394, vstest.console.dll, ParallelProxyExecutionManager: Start execution. Total sources: 1
TpTrace Verbose: 0 : 17728, 1, 2025/02/04, 23:56:13.769, 51315328412, vstest.console.dll, ParallelOperationManager.StartWork: Starting adding 1 workloads.
TpTrace Verbose: 0 : 17728, 1, 2025/02/04, 23:56:13.769, 51315329351, vstest.console.dll, ParallelOperationManager.ClearSlots: Clearing all slots. Slots should accept more work: True
TpTrace Verbose: 0 : 17728, 1, 2025/02/04, 23:56:13.769, 51315330710, vstest.console.dll, ParallelOperationManager.SetOccupiedSlotCount: Setting slot counts AvailableSlotCount = 1, OccupiedSlotCount = 0.
TpTrace Verbose: 0 : 17728, 1, 2025/02/04, 23:56:13.769, 51315331021, vstest.console.dll, Occupied slots:

TpTrace Verbose: 0 : 17728, 1, 2025/02/04, 23:56:13.770, 51315345708, vstest.console.dll, TestHostManagerCallbacks.ctor: Forwarding output is enabled.
TpTrace Verbose: 0 : 17728, 1, 2025/02/04, 23:56:13.771, 51315348883, vstest.console.dll, TestRequestSender is acting as server.
TpTrace Verbose: 0 : 17728, 1, 2025/02/04, 23:56:13.772, 51315359683, vstest.console.dll, ParallelOperationManager.RunWorkInParallel: Adding 1 workload to slot, remaining workloads 0.
TpTrace Verbose: 0 : 17728, 1, 2025/02/04, 23:56:13.772, 51315360604, vstest.console.dll, ParallelOperationManager.SetOccupiedSlotCount: Setting slot counts AvailableSlotCount = 0, OccupiedSlotCount = 1.
TpTrace Verbose: 0 : 17728, 1, 2025/02/04, 23:56:13.772, 51315361912, vstest.console.dll, Occupied slots:
0: C:\Users\Arthu\OneDrive\Área de Trabalho\Projetos\AulaCursoAPI\LojinhaApi\ProdutosUnitTest\bin\Debug\net8.0\fine-code-coverage\build-output\ProdutosUnitTest.dll
TpTrace Verbose: 0 : 17728, 1, 2025/02/04, 23:56:13.773, 51315371802, vstest.console.dll, ParallelOperationManager.RunWorkInParallel: Started host in slot number 0 for work (source): C:\Users\Arthu\OneDrive\Área de Trabalho\Projetos\AulaCursoAPI\LojinhaApi\ProdutosUnitTest\bin\Debug\net8.0\fine-code-coverage\build-output\ProdutosUnitTest.dll.
TpTrace Verbose: 0 : 17728, 1, 2025/02/04, 23:56:13.774, 51315380071, vstest.console.dll, ParallelOperationManager.RunWorkInParallel: We started 1 work items, which is the max parallel level. Won't start more work.
TpTrace Verbose: 0 : 17728, 1, 2025/02/04, 23:56:13.774, 51315381195, vstest.console.dll, ParallelOperationManager.RunWorkInParallel: We started 1 work items in here, returning True.
TpTrace Information: 0 : 17728, 1, 2025/02/04, 23:56:13.774, 51315381727, vstest.console.dll, TestRunRequest.ExecuteAsync: Started.
TpTrace Verbose: 0 : 17728, 5, 2025/02/04, 23:56:13.774, 51315381817, vstest.console.dll, ParallelProxyExecutionManager.StartTestRunOnConcurrentManager: Initializing uninitialized client. Started clients: 0
TpTrace Verbose: 0 : 17728, 5, 2025/02/04, 23:56:13.774, 51315383709, vstest.console.dll, DataCollectionRequestSender.InitializeCommunication : Initialize communication. 
TpTrace Verbose: 0 : 17728, 1, 2025/02/04, 23:56:13.775, 51315389852, vstest.console.dll, TestRunRequest.WaitForCompletion: Waiting with timeout -1.
TpTrace Information: 0 : 17728, 5, 2025/02/04, 23:56:13.782, 51315461290, vstest.console.dll, Listening on Endpoint : 127.0.0.1:51400
TpTrace Verbose: 0 : 17728, 5, 2025/02/04, 23:56:13.789, 51315530609, vstest.console.dll, DotnetDataCollectionLauncher: Adding  --runtimeconfig "C:\Program Files\dotnet\sdk\8.0.400\datacollector.runtimeconfig.json" in args
TpTrace Verbose: 0 : 17728, 5, 2025/02/04, 23:56:13.789, 51315532041, vstest.console.dll, DotnetDataCollectionLauncher: Adding  --depsfile "C:\Program Files\dotnet\sdk\8.0.400\datacollector.deps.json" in args
TpTrace Verbose: 0 : 17728, 5, 2025/02/04, 23:56:13.789, 51315533942, vstest.console.dll, DotnetDataCollectionLauncher: Full path of dotnet.exe is C:\Program Files\dotnet\dotnet.exe
TpTrace Information: 0 : 17728, 5, 2025/02/04, 23:56:13.796, 51315603252, vstest.console.dll, ProxyDataCollectionManager.Initialize: Launched datacollector processId: 2168 port: 51400
TpTrace Information: 0 : 17728, 5, 2025/02/04, 23:56:13.796, 51315605047, vstest.console.dll, ProxyDataCollectionManager.Initialize: waiting for connection with timeout: 90 seconds
TpTrace Verbose: 0 : 17728, 5, 2025/02/04, 23:56:13.796, 51315605794, vstest.console.dll, DataCollectionRequestSender.WaitForRequestHandlerConnection : Waiting for connection with timeout: 90000
TpTrace Information: 0 : 17728, 7, 2025/02/04, 23:56:13.936, 51317002178, vstest.console.dll, Using the buffer size of 16384 bytes
TpTrace Verbose: 0 : 17728, 5, 2025/02/04, 23:56:13.936, 51317002721, vstest.console.dll, SocketCommunicationManager.WaitForClientConnection took: 139 ms, with 90000 ms timeout, and finished with True.
TpTrace Information: 0 : 17728, 7, 2025/02/04, 23:56:13.936, 51317003700, vstest.console.dll, Accepted Client request and set the flag
TpTrace Verbose: 0 : 17728, 5, 2025/02/04, 23:56:13.936, 51317004003, vstest.console.dll, ProxyDataCollectionManager.InvokeDataCollectionServiceAction: Starting.
TpTrace Information: 0 : 17728, 5, 2025/02/04, 23:56:13.936, 51317004694, vstest.console.dll, ProxyDataCollectionManager.BeforeTestRunStart: Get environment variable and port for datacollector processId: 2168 port: 51400
TpTrace Verbose: 0 : 17728, 5, 2025/02/04, 23:56:13.936, 51317005569, vstest.console.dll, DataCollectionRequestSender.SendBeforeTestRunStartAndGetResult: Send BeforeTestRunStart message with settingsXml <RunSettings><RunConfiguration><ResultsDirectory>C:\Users\Arthu\OneDrive\Área de Trabalho\Projetos\AulaCursoAPI\LojinhaApi\ProdutosUnitTest\bin\Debug\net8.0\fine-code-coverage\coverage-tool-output</ResultsDirectory><TargetPlatform>X64</TargetPlatform><TargetFrameworkVersion>.NETCoreApp,Version=v8.0</TargetFrameworkVersion><DesignMode>False</DesignMode><CollectSourceInformation>False</CollectSourceInformation><TestAdaptersPaths>C:\Program Files\dotnet\sdk\8.0.400\Extensions</TestAdaptersPaths></RunConfiguration><LoggerRunSettings><Loggers><Logger friendlyName="blame" enabled="True" /><Logger friendlyName="Console" uri="logger://microsoft/TestPlatform/ConsoleLogger/v1" assemblyQualifiedName="Microsoft.VisualStudio.TestPlatform.CommandLine.Internal.ConsoleLogger, vstest.console, Version=15.0.0.0, Culture=neutral, PublicKeyToken=b03f5f7f11d50a3a" codeBase="C:\Program Files\dotnet\sdk\8.0.400\vstest.console.dll" enabled="True" /></Loggers></LoggerRunSettings><DataCollectionRunSettings><DataCollectors><DataCollector friendlyName="blame" enabled="True"><Configuration><ResultsDirectory>C:\Users\Arthu\OneDrive\Área de Trabalho\Projetos\AulaCursoAPI\LojinhaApi\ProdutosUnitTest\bin\Debug\net8.0\fine-code-coverage\coverage-tool-output</ResultsDirectory></Configuration></DataCollector></DataCollectors></DataCollectionRunSettings></RunSettings> and sources System.Collections.Generic.List`1[System.String]: 
TpTrace Verbose: 0 : 17728, 5, 2025/02/04, 23:56:13.991, 51317550299, vstest.console.dll, DataCollectionRequestSender.SendBeforeTestRunStartAndGetResult: Received message: (DataCollection.SendMessage) -> {"MessageType":"DataCollection.SendMessage","Payload":{"FriendlyName":null,"Uri":null,"TestCaseId":"00000000-0000-0000-0000-000000000000","Message":"Logging DataCollector Diagnostics in file: C:\\Users\\Arthu\\OneDrive\\Área de Trabalho\\Projetos\\AulaCursoAPI\\LojinhaApi\\ProdutosUnitTest\\bin\\Debug\\net8.0\\fine-code-coverage\\coverage-tool-output\\diagnostics.datacollector.25-02-04_23-56-13_78915_5.log","Level":0}}
TpTrace Verbose: 0 : 17728, 5, 2025/02/04, 23:56:14.066, 51318300059, vstest.console.dll, DataCollectionRequestSender.SendBeforeTestRunStartAndGetResult: Received message: (DataCollection.BeforeTestRunStartResult) -> {"MessageType":"DataCollection.BeforeTestRunStartResult","Payload":{"EnvironmentVariables":{},"DataCollectionEventsPort":51402}}
TpTrace Information: 0 : 17728, 5, 2025/02/04, 23:56:14.070, 51318339569, vstest.console.dll, ProxyDataCollectionManager.BeforeTestRunStart: SendBeforeTestRunStartAndGetResult successful, env variable from datacollector:   and testhost port: 51402
TpTrace Information: 0 : 17728, 5, 2025/02/04, 23:56:14.070, 51318340493, vstest.console.dll, ProxyDataCollectionManager.InvokeDataCollectionServiceAction: Completed.
TpTrace Verbose: 0 : 17728, 5, 2025/02/04, 23:56:14.070, 51318340779, vstest.console.dll, ParallelProxyExecutionManager.StartTestRunOnConcurrentManager: Initializing test run. Started clients: 0
TpTrace Verbose: 0 : 17728, 5, 2025/02/04, 23:56:14.070, 51318341562, vstest.console.dll, ProxyExecutionManager: Test host is always Lazy initialize.
TpTrace Verbose: 0 : 17728, 5, 2025/02/04, 23:56:14.070, 51318343278, vstest.console.dll, TestRequestSender.InitializeCommunication: initialize communication. 
TpTrace Information: 0 : 17728, 5, 2025/02/04, 23:56:14.071, 51318347195, vstest.console.dll, SocketServer.Start: Listening on endpoint : 127.0.0.1:51403
TpTrace Verbose: 0 : 17728, 5, 2025/02/04, 23:56:14.071, 51318355141, vstest.console.dll, DotnetTestHostmanager.GetTestHostProcessStartInfo: Platform environment 'X64' target architecture 'X64' framework '.NETCoreApp,Version=v8.0' OS 'Windows'
TpTrace Verbose: 0 : 17728, 5, 2025/02/04, 23:56:14.072, 51318357486, vstest.console.dll, DotnetTestHostmanager: Adding  --runtimeconfig "C:\Users\Arthu\OneDrive\Área de Trabalho\Projetos\AulaCursoAPI\LojinhaApi\ProdutosUnitTest\bin\Debug\net8.0\fine-code-coverage\build-output\ProdutosUnitTest.runtimeconfig.json" in args
TpTrace Verbose: 0 : 17728, 5, 2025/02/04, 23:56:14.072, 51318358363, vstest.console.dll, DotnetTestHostmanager: Adding  --depsfile "C:\Users\Arthu\OneDrive\Área de Trabalho\Projetos\AulaCursoAPI\LojinhaApi\ProdutosUnitTest\bin\Debug\net8.0\fine-code-coverage\build-output\ProdutosUnitTest.deps.json" in args
TpTrace Verbose: 0 : 17728, 5, 2025/02/04, 23:56:14.072, 51318359974, vstest.console.dll, DotnetTestHostmanager.IsWinOnArm: Current PROCESSOR_ARCHITECTURE from environment variable 'AMD64'
TpTrace Verbose: 0 : 17728, 5, 2025/02/04, 23:56:14.072, 51318360532, vstest.console.dll, DotnetTestHostmanager.IsWinOnArm: Is Windows on ARM 'False'
TpTrace Verbose: 0 : 17728, 5, 2025/02/04, 23:56:14.072, 51318361261, vstest.console.dll, DotnetTestHostManager: testhost.exe found at path: C:\Users\Arthu\OneDrive\Área de Trabalho\Projetos\AulaCursoAPI\LojinhaApi\ProdutosUnitTest\bin\Debug\net8.0\fine-code-coverage\build-output\testhost.exe
TpTrace Verbose: 0 : 17728, 5, 2025/02/04, 23:56:14.072, 51318361594, vstest.console.dll, DotnetTestHostmanager: Full path of host exe is C:\Users\Arthu\OneDrive\Área de Trabalho\Projetos\AulaCursoAPI\LojinhaApi\ProdutosUnitTest\bin\Debug\net8.0\fine-code-coverage\build-output\testhost.exe
TpTrace Verbose: 0 : 17728, 5, 2025/02/04, 23:56:14.072, 51318362596, vstest.console.dll, DotnetTestHostmanager.LaunchTestHostAsync: Found 'VSTEST_WINAPPHOST_DOTNET_ROOT' in env variables, value 'C:\Program Files\dotnet', forwarding to 'DOTNET_ROOT'
TpTrace Verbose: 0 : 17728, 5, 2025/02/04, 23:56:14.072, 51318363796, vstest.console.dll, DotnetTestHostManager: Starting process 'C:\Users\Arthu\OneDrive\Área de Trabalho\Projetos\AulaCursoAPI\LojinhaApi\ProdutosUnitTest\bin\Debug\net8.0\fine-code-coverage\build-output\testhost.exe' with command line ' --runtimeconfig "C:\Users\Arthu\OneDrive\Área de Trabalho\Projetos\AulaCursoAPI\LojinhaApi\ProdutosUnitTest\bin\Debug\net8.0\fine-code-coverage\build-output\ProdutosUnitTest.runtimeconfig.json" --depsfile "C:\Users\Arthu\OneDrive\Área de Trabalho\Projetos\AulaCursoAPI\LojinhaApi\ProdutosUnitTest\bin\Debug\net8.0\fine-code-coverage\build-output\ProdutosUnitTest.deps.json" --port 51403 --endpoint 127.0.0.1:051403 --role client --parentprocessid 17728 --diag "C:\Users\Arthu\OneDrive\Área de Trabalho\Projetos\AulaCursoAPI\LojinhaApi\ProdutosUnitTest\bin\Debug\net8.0\fine-code-coverage\coverage-tool-output\diagnostics.host.25-02-04_23-56-14_07158_5.log" --tracelevel 4 --datacollectionport 51402 --telemetryoptedin false'
TpTrace Verbose: 0 : 17728, 5, 2025/02/04, 23:56:14.077, 51318415178, vstest.console.dll, MulticastDelegateUtilities.SafeInvoke: HostProviderEvents.OnHostLaunched: Invoking callback 1/2 for Microsoft.VisualStudio.TestPlatform.CrossPlatEngine.Client.ProxyExecutionManagerWithDataCollection., took 1 ms.
TpTrace Verbose: 0 : 17728, 5, 2025/02/04, 23:56:14.078, 51318419470, vstest.console.dll, Test Runtime launched
TpTrace Verbose: 0 : 17728, 5, 2025/02/04, 23:56:14.078, 51318420935, vstest.console.dll, MulticastDelegateUtilities.SafeInvoke: HostProviderEvents.OnHostLaunched: Invoking callback 2/2 for Microsoft.VisualStudio.TestPlatform.CrossPlatEngine.Client.ProxyOperationManager., took 0 ms.
TpTrace Verbose: 0 : 17728, 5, 2025/02/04, 23:56:14.078, 51318422745, vstest.console.dll, TestRequestSender.WaitForRequestHandlerConnection: waiting for connection with timeout: 90000.
TpTrace Verbose: 0 : 17728, 13, 2025/02/04, 23:56:14.272, 51320361459, vstest.console.dll, MulticastDelegateUtilities.SafeInvoke: SocketServer: ClientConnected: Invoking callback 1/1 for Microsoft.VisualStudio.TestPlatform.CommunicationUtilities.TestRequestSender., took 0 ms.
TpTrace Verbose: 0 : 17728, 5, 2025/02/04, 23:56:14.272, 51320361459, vstest.console.dll, TestRequestSender.WaitForRequestHandlerConnection: waiting took 193 ms, with timeout 90000 ms, and result 0, which is success.
TpTrace Verbose: 0 : 17728, 13, 2025/02/04, 23:56:14.272, 51320363070, vstest.console.dll, SocketServer.OnClientConnected: Client connected for endPoint: 127.0.0.1:51403, starting MessageLoopAsync:
TpTrace Verbose: 0 : 17728, 13, 2025/02/04, 23:56:14.273, 51320370394, vstest.console.dll, TcpClientExtensions.MessageLoopAsync: Polling on remoteEndPoint: 127.0.0.1:51404 localEndPoint: 127.0.0.1:51403 after 0 ms
TpTrace Verbose: 0 : 17728, 5, 2025/02/04, 23:56:14.274, 51320378606, vstest.console.dll, TestRequestSender.CheckVersionWithTestHost: Sending check version message: {"MessageType":"ProtocolVersion","Payload":7}
TpTrace Verbose: 0 : 17728, 13, 2025/02/04, 23:56:14.400, 51321636214, vstest.console.dll, TcpClientExtensions.MessageLoopAsync: NotifyDataAvailable remoteEndPoint: 127.0.0.1:51404 localEndPoint: 127.0.0.1:51403
TpTrace Verbose: 0 : 17728, 13, 2025/02/04, 23:56:14.400, 51321639192, vstest.console.dll, TestRequestSender.CheckVersionWithTestHost: onMessageReceived received message: (ProtocolVersion) -> {"MessageType":"ProtocolVersion","Payload":7}
TpTrace Verbose: 0 : 17728, 13, 2025/02/04, 23:56:14.401, 51321647042, vstest.console.dll, MulticastDelegateUtilities.SafeInvoke: LengthPrefixCommunicationChannel: MessageReceived: Invoking callback 1/1 for Microsoft.VisualStudio.TestPlatform.CommunicationUtilities.TestRequestSender+<>c__DisplayClass29_0., took 0 ms.
TpTrace Verbose: 0 : 17728, 5, 2025/02/04, 23:56:14.401, 51321648231, vstest.console.dll, TestPluginCache.GetExtensionPaths: Filtered extension paths: 
TpTrace Verbose: 0 : 17728, 13, 2025/02/04, 23:56:14.401, 51321648631, vstest.console.dll, TcpClientExtensions.MessageLoopAsync: Polling on remoteEndPoint: 127.0.0.1:51404 localEndPoint: 127.0.0.1:51403 after 127 ms
TpTrace Verbose: 0 : 17728, 5, 2025/02/04, 23:56:14.401, 51321649735, vstest.console.dll, TestPluginCache.GetExtensionPaths: Added default extension paths: C:\Program Files\dotnet\sdk\8.0.400\Extensions\Microsoft.Diagnostics.NETCore.Client.dll
C:\Program Files\dotnet\sdk\8.0.400\Extensions\Microsoft.TestPlatform.Extensions.BlameDataCollector.dll
C:\Program Files\dotnet\sdk\8.0.400\Extensions\Microsoft.TestPlatform.Extensions.EventLogCollector.dll
C:\Program Files\dotnet\sdk\8.0.400\Extensions\Microsoft.TestPlatform.TestHostRuntimeProvider.dll
C:\Program Files\dotnet\sdk\8.0.400\Extensions\Microsoft.VisualStudio.TestPlatform.Extensions.Html.TestLogger.dll
C:\Program Files\dotnet\sdk\8.0.400\Extensions\Microsoft.VisualStudio.TestPlatform.Extensions.Trx.TestLogger.dll
TpTrace Verbose: 0 : 17728, 5, 2025/02/04, 23:56:14.401, 51321651306, vstest.console.dll, TestPluginCache.GetExtensionPaths: Added unfilterableExtensionPaths: 
TpTrace Verbose: 0 : 17728, 5, 2025/02/04, 23:56:14.405, 51321693544, vstest.console.dll, TestRequestSender.InitializeExecution: Sending initialize execution with message: {"Version":7,"MessageType":"TestExecution.Initialize","Payload":["C:\\Users\\Arthu\\OneDrive\\Área de Trabalho\\Projetos\\AulaCursoAPI\\LojinhaApi\\ProdutosUnitTest\\bin\\Debug\\net8.0\\fine-code-coverage\\build-output\\xunit.runner.visualstudio.dotnetcore.testadapter.dll"]}
TpTrace Verbose: 0 : 17728, 5, 2025/02/04, 23:56:14.406, 51321696379, vstest.console.dll, ParallelProxyExecutionManager.StartTestRunOnConcurrentManager: Execution starting. Started clients: 1
TpTrace Verbose: 0 : 17728, 5, 2025/02/04, 23:56:14.406, 51321700047, vstest.console.dll, TestRunRequest:SendTestRunMessage: Starting.
TpTrace Verbose: 0 : 17728, 5, 2025/02/04, 23:56:14.406, 51321702970, vstest.console.dll, MulticastDelegateUtilities.SafeInvoke: TestRun.LogMessages: Invoking callback 1/1 for Microsoft.VisualStudio.TestPlatform.CommandLine.TestRunResultAggregator., took 0 ms.
TpTrace Verbose: 0 : 17728, 13, 2025/02/04, 23:56:14.406, 51321702978, vstest.console.dll, TcpClientExtensions.MessageLoopAsync: NotifyDataAvailable remoteEndPoint: 127.0.0.1:51404 localEndPoint: 127.0.0.1:51403
TpTrace Information: 0 : 17728, 5, 2025/02/04, 23:56:14.406, 51321703836, vstest.console.dll, TestRunRequest:SendTestRunMessage: Completed.
TpTrace Verbose: 0 : 17728, 4, 2025/02/04, 23:56:14.407, 51321706454, vstest.console.dll, MulticastDelegateUtilities.SafeInvoke: InternalTestLoggerEvents.SendTestRunMessage: Invoking callback 1/1 for Microsoft.VisualStudio.TestPlatform.CommandLine.Internal.ConsoleLogger., took 0 ms.
TpTrace Warning: 0 : 17728, 5, 2025/02/04, 23:56:14.407, 51321710012, vstest.console.dll, InferRunSettingsHelper.MakeRunsettingsCompatible: Removing the following settings: TargetPlatform from RunSettings file. To use those settings please move to latest version of Microsoft.NET.Test.Sdk
TpTrace Verbose: 0 : 17728, 13, 2025/02/04, 23:56:14.408, 51321719630, vstest.console.dll, TestRequestSender.OnExecutionMessageReceived: Received message: {"Version":7,"MessageType":"TestSession.Message","Payload":{"MessageLevel":0,"Message":"Registro em log do diagnóstico TestHost no arquivo: C:\\Users\\Arthu\\OneDrive\\Área de Trabalho\\Projetos\\AulaCursoAPI\\LojinhaApi\\ProdutosUnitTest\\bin\\Debug\\net8.0\\fine-code-coverage\\coverage-tool-output\\diagnostics.host.25-02-04_23-56-14_07158_5.log"}}
TpTrace Verbose: 0 : 17728, 13, 2025/02/04, 23:56:14.412, 51321759058, vstest.console.dll, TestRunRequest:SendTestRunMessage: Starting.
TpTrace Verbose: 0 : 17728, 13, 2025/02/04, 23:56:14.412, 51321761283, vstest.console.dll, MulticastDelegateUtilities.SafeInvoke: TestRun.LogMessages: Invoking callback 1/1 for Microsoft.VisualStudio.TestPlatform.CommandLine.TestRunResultAggregator., took 0 ms.
TpTrace Verbose: 0 : 17728, 4, 2025/02/04, 23:56:14.412, 51321761433, vstest.console.dll, MulticastDelegateUtilities.SafeInvoke: InternalTestLoggerEvents.SendTestRunMessage: Invoking callback 1/1 for Microsoft.VisualStudio.TestPlatform.CommandLine.Internal.ConsoleLogger., took 0 ms.
TpTrace Information: 0 : 17728, 13, 2025/02/04, 23:56:14.412, 51321762773, vstest.console.dll, TestRunRequest:SendTestRunMessage: Completed.
TpTrace Verbose: 0 : 17728, 13, 2025/02/04, 23:56:14.412, 51321764452, vstest.console.dll, MulticastDelegateUtilities.SafeInvoke: LengthPrefixCommunicationChannel: MessageReceived: Invoking callback 1/1 for Microsoft.VisualStudio.TestPlatform.CommunicationUtilities.TestRequestSender+<>c__DisplayClass34_0., took 4 ms.
TpTrace Verbose: 0 : 17728, 13, 2025/02/04, 23:56:14.412, 51321764941, vstest.console.dll, TcpClientExtensions.MessageLoopAsync: Polling on remoteEndPoint: 127.0.0.1:51404 localEndPoint: 127.0.0.1:51403 after 11 ms
TpTrace Verbose: 0 : 17728, 5, 2025/02/04, 23:56:14.417, 51321815831, vstest.console.dll, TestRequestSender.StartTestRun: Sending test run with message: {"Version":7,"MessageType":"TestExecution.StartWithSources","Payload":{"AdapterSourceMap":{"_none_":["C:\\Users\\Arthu\\OneDrive\\Área de Trabalho\\Projetos\\AulaCursoAPI\\LojinhaApi\\ProdutosUnitTest\\bin\\Debug\\net8.0\\fine-code-coverage\\build-output\\ProdutosUnitTest.dll"]},"RunSettings":"<RunSettings>\r\n  <RunConfiguration>\r\n    <ResultsDirectory>C:\\Users\\Arthu\\OneDrive\\Área de Trabalho\\Projetos\\AulaCursoAPI\\LojinhaApi\\ProdutosUnitTest\\bin\\Debug\\net8.0\\fine-code-coverage\\coverage-tool-output</ResultsDirectory>\r\n    <TargetFrameworkVersion>.NETCoreApp,Version=v8.0</TargetFrameworkVersion>\r\n    <DesignMode>False</DesignMode>\r\n    <CollectSourceInformation>False</CollectSourceInformation>\r\n  </RunConfiguration>\r\n  <LoggerRunSettings>\r\n    <Loggers>\r\n      <Logger friendlyName=\"blame\" enabled=\"True\" />\r\n      <Logger friendlyName=\"Console\" uri=\"logger://microsoft/TestPlatform/ConsoleLogger/v1\" assemblyQualifiedName=\"Microsoft.VisualStudio.TestPlatform.CommandLine.Internal.ConsoleLogger, vstest.console, Version=15.0.0.0, Culture=neutral, PublicKeyToken=b03f5f7f11d50a3a\" codeBase=\"C:\\Program Files\\dotnet\\sdk\\8.0.400\\vstest.console.dll\" enabled=\"True\" />\r\n    </Loggers>\r\n  </LoggerRunSettings>\r\n  <DataCollectionRunSettings>\r\n    <DataCollectors>\r\n      <DataCollector friendlyName=\"blame\" enabled=\"True\">\r\n        <Configuration>\r\n          <ResultsDirectory>C:\\Users\\Arthu\\OneDrive\\Área de Trabalho\\Projetos\\AulaCursoAPI\\LojinhaApi\\ProdutosUnitTest\\bin\\Debug\\net8.0\\fine-code-coverage\\coverage-tool-output</ResultsDirectory>\r\n        </Configuration>\r\n      </DataCollector>\r\n    </DataCollectors>\r\n  </DataCollectionRunSettings>\r\n</RunSettings>","TestExecutionContext":{"FrequencyOfRunStatsChangeEvent":10,"RunStatsChangeEventTimeout":"00:00:01.5000000","InIsolation":false,"KeepAlive":false,"AreTestCaseLevelEventsRequired":false,"IsDebug":false,"TestCaseFilter":null,"FilterOptions":null},"Package":null}}
TpTrace Verbose: 0 : 17728, 5, 2025/02/04, 23:56:14.418, 51321818436, vstest.console.dll, ParallelProxyExecutionManager.StartTestRunOnConcurrentManager: Execution started. Started clients: 1
TpTrace Verbose: 0 : 17728, 13, 2025/02/04, 23:56:14.554, 51323183899, vstest.console.dll, TcpClientExtensions.MessageLoopAsync: NotifyDataAvailable remoteEndPoint: 127.0.0.1:51404 localEndPoint: 127.0.0.1:51403
TpTrace Verbose: 0 : 17728, 13, 2025/02/04, 23:56:14.555, 51323186018, vstest.console.dll, TestRequestSender.OnExecutionMessageReceived: Received message: {"Version":7,"MessageType":"TestSession.Message","Payload":{"MessageLevel":0,"Message":"[xUnit.net 00:00:00.00] xUnit.net VSTest Adapter v2.5.3.1+6b60a9e56a (64-bit .NET 8.0.8)"}}
TpTrace Verbose: 0 : 17728, 13, 2025/02/04, 23:56:14.555, 51323188185, vstest.console.dll, TestRunRequest:SendTestRunMessage: Starting.
TpTrace Verbose: 0 : 17728, 4, 2025/02/04, 23:56:14.555, 51323190492, vstest.console.dll, MulticastDelegateUtilities.SafeInvoke: InternalTestLoggerEvents.SendTestRunMessage: Invoking callback 1/1 for Microsoft.VisualStudio.TestPlatform.CommandLine.Internal.ConsoleLogger., took 0 ms.
TpTrace Verbose: 0 : 17728, 13, 2025/02/04, 23:56:14.555, 51323190448, vstest.console.dll, MulticastDelegateUtilities.SafeInvoke: TestRun.LogMessages: Invoking callback 1/1 for Microsoft.VisualStudio.TestPlatform.CommandLine.TestRunResultAggregator., took 0 ms.
TpTrace Information: 0 : 17728, 13, 2025/02/04, 23:56:14.555, 51323191587, vstest.console.dll, TestRunRequest:SendTestRunMessage: Completed.
TpTrace Verbose: 0 : 17728, 13, 2025/02/04, 23:56:14.555, 51323191914, vstest.console.dll, MulticastDelegateUtilities.SafeInvoke: LengthPrefixCommunicationChannel: MessageReceived: Invoking callback 1/1 for Microsoft.VisualStudio.TestPlatform.CommunicationUtilities.TestRequestSender+<>c__DisplayClass34_0., took 0 ms.
TpTrace Verbose: 0 : 17728, 13, 2025/02/04, 23:56:14.555, 51323192153, vstest.console.dll, TcpClientExtensions.MessageLoopAsync: Polling on remoteEndPoint: 127.0.0.1:51404 localEndPoint: 127.0.0.1:51403 after 142 ms
TpTrace Verbose: 0 : 17728, 13, 2025/02/04, 23:56:14.646, 51324097018, vstest.console.dll, TcpClientExtensions.MessageLoopAsync: NotifyDataAvailable remoteEndPoint: 127.0.0.1:51404 localEndPoint: 127.0.0.1:51403
TpTrace Verbose: 0 : 17728, 13, 2025/02/04, 23:56:14.646, 51324098670, vstest.console.dll, TestRequestSender.OnExecutionMessageReceived: Received message: {"Version":7,"MessageType":"TestSession.Message","Payload":{"MessageLevel":0,"Message":"[xUnit.net 00:00:00.09]   Discovering: ProdutosUnitTest"}}
TpTrace Verbose: 0 : 17728, 13, 2025/02/04, 23:56:14.646, 51324100044, vstest.console.dll, TestRunRequest:SendTestRunMessage: Starting.
TpTrace Verbose: 0 : 17728, 13, 2025/02/04, 23:56:14.646, 51324100881, vstest.console.dll, MulticastDelegateUtilities.SafeInvoke: TestRun.LogMessages: Invoking callback 1/1 for Microsoft.VisualStudio.TestPlatform.CommandLine.TestRunResultAggregator., took 0 ms.
TpTrace Verbose: 0 : 17728, 4, 2025/02/04, 23:56:14.646, 51324101241, vstest.console.dll, MulticastDelegateUtilities.SafeInvoke: InternalTestLoggerEvents.SendTestRunMessage: Invoking callback 1/1 for Microsoft.VisualStudio.TestPlatform.CommandLine.Internal.ConsoleLogger., took 0 ms.
TpTrace Information: 0 : 17728, 13, 2025/02/04, 23:56:14.646, 51324101623, vstest.console.dll, TestRunRequest:SendTestRunMessage: Completed.
TpTrace Verbose: 0 : 17728, 13, 2025/02/04, 23:56:14.646, 51324102723, vstest.console.dll, MulticastDelegateUtilities.SafeInvoke: LengthPrefixCommunicationChannel: MessageReceived: Invoking callback 1/1 for Microsoft.VisualStudio.TestPlatform.CommunicationUtilities.TestRequestSender+<>c__DisplayClass34_0., took 0 ms.
TpTrace Verbose: 0 : 17728, 13, 2025/02/04, 23:56:14.646, 51324103283, vstest.console.dll, TcpClientExtensions.MessageLoopAsync: Polling on remoteEndPoint: 127.0.0.1:51404 localEndPoint: 127.0.0.1:51403 after 91 ms
TpTrace Verbose: 0 : 17728, 13, 2025/02/04, 23:56:14.684, 51324477016, vstest.console.dll, TcpClientExtensions.MessageLoopAsync: NotifyDataAvailable remoteEndPoint: 127.0.0.1:51404 localEndPoint: 127.0.0.1:51403
TpTrace Verbose: 0 : 17728, 13, 2025/02/04, 23:56:14.684, 51324478567, vstest.console.dll, TestRequestSender.OnExecutionMessageReceived: Received message: {"Version":7,"MessageType":"TestSession.Message","Payload":{"MessageLevel":0,"Message":"[xUnit.net 00:00:00.13]   Discovered:  ProdutosUnitTest"}}
TpTrace Verbose: 0 : 17728, 13, 2025/02/04, 23:56:14.684, 51324479694, vstest.console.dll, TestRunRequest:SendTestRunMessage: Starting.
TpTrace Verbose: 0 : 17728, 13, 2025/02/04, 23:56:14.684, 51324480443, vstest.console.dll, MulticastDelegateUtilities.SafeInvoke: TestRun.LogMessages: Invoking callback 1/1 for Microsoft.VisualStudio.TestPlatform.CommandLine.TestRunResultAggregator., took 0 ms.
TpTrace Information: 0 : 17728, 13, 2025/02/04, 23:56:14.684, 51324480866, vstest.console.dll, TestRunRequest:SendTestRunMessage: Completed.
TpTrace Verbose: 0 : 17728, 4, 2025/02/04, 23:56:14.684, 51324480770, vstest.console.dll, MulticastDelegateUtilities.SafeInvoke: InternalTestLoggerEvents.SendTestRunMessage: Invoking callback 1/1 for Microsoft.VisualStudio.TestPlatform.CommandLine.Internal.ConsoleLogger., took 0 ms.
TpTrace Verbose: 0 : 17728, 13, 2025/02/04, 23:56:14.684, 51324481845, vstest.console.dll, MulticastDelegateUtilities.SafeInvoke: LengthPrefixCommunicationChannel: MessageReceived: Invoking callback 1/1 for Microsoft.VisualStudio.TestPlatform.CommunicationUtilities.TestRequestSender+<>c__DisplayClass34_0., took 0 ms.
TpTrace Verbose: 0 : 17728, 13, 2025/02/04, 23:56:14.684, 51324483019, vstest.console.dll, TcpClientExtensions.MessageLoopAsync: Polling on remoteEndPoint: 127.0.0.1:51404 localEndPoint: 127.0.0.1:51403 after 37 ms
TpTrace Verbose: 0 : 17728, 13, 2025/02/04, 23:56:14.686, 51324504281, vstest.console.dll, TcpClientExtensions.MessageLoopAsync: NotifyDataAvailable remoteEndPoint: 127.0.0.1:51404 localEndPoint: 127.0.0.1:51403
TpTrace Verbose: 0 : 17728, 13, 2025/02/04, 23:56:14.686, 51324505617, vstest.console.dll, TestRequestSender.OnExecutionMessageReceived: Received message: {"Version":7,"MessageType":"TestSession.Message","Payload":{"MessageLevel":0,"Message":"[xUnit.net 00:00:00.13]   Starting:    ProdutosUnitTest"}}
TpTrace Verbose: 0 : 17728, 13, 2025/02/04, 23:56:14.687, 51324506739, vstest.console.dll, TestRunRequest:SendTestRunMessage: Starting.
TpTrace Verbose: 0 : 17728, 13, 2025/02/04, 23:56:14.687, 51324507281, vstest.console.dll, MulticastDelegateUtilities.SafeInvoke: TestRun.LogMessages: Invoking callback 1/1 for Microsoft.VisualStudio.TestPlatform.CommandLine.TestRunResultAggregator., took 0 ms.
TpTrace Information: 0 : 17728, 13, 2025/02/04, 23:56:14.687, 51324507555, vstest.console.dll, TestRunRequest:SendTestRunMessage: Completed.
TpTrace Verbose: 0 : 17728, 13, 2025/02/04, 23:56:14.687, 51324507769, vstest.console.dll, MulticastDelegateUtilities.SafeInvoke: LengthPrefixCommunicationChannel: MessageReceived: Invoking callback 1/1 for Microsoft.VisualStudio.TestPlatform.CommunicationUtilities.TestRequestSender+<>c__DisplayClass34_0., took 0 ms.
TpTrace Verbose: 0 : 17728, 4, 2025/02/04, 23:56:14.687, 51324507848, vstest.console.dll, MulticastDelegateUtilities.SafeInvoke: InternalTestLoggerEvents.SendTestRunMessage: Invoking callback 1/1 for Microsoft.VisualStudio.TestPlatform.CommandLine.Internal.ConsoleLogger., took 0 ms.
TpTrace Verbose: 0 : 17728, 13, 2025/02/04, 23:56:14.687, 51324508080, vstest.console.dll, TcpClientExtensions.MessageLoopAsync: Polling on remoteEndPoint: 127.0.0.1:51404 localEndPoint: 127.0.0.1:51403 after 2 ms
TpTrace Verbose: 0 : 17728, 13, 2025/02/04, 23:56:15.687, 51334509393, vstest.console.dll, TcpClientExtensions.MessageLoopAsync: Polling on remoteEndPoint: 127.0.0.1:51404 localEndPoint: 127.0.0.1:51403 after 999 ms
TpTrace Verbose: 0 : 17728, 13, 2025/02/04, 23:56:15.941, 51337047673, vstest.console.dll, TcpClientExtensions.MessageLoopAsync: NotifyDataAvailable remoteEndPoint: 127.0.0.1:51404 localEndPoint: 127.0.0.1:51403
TpTrace Verbose: 0 : 17728, 13, 2025/02/04, 23:56:15.941, 51337050419, vstest.console.dll, TestRequestSender.OnExecutionMessageReceived: Received message: {"Version":7,"MessageType":"TestSession.Message","Payload":{"MessageLevel":2,"Message":"[xUnit.net 00:00:01.39]     ProdutosUnitTest.DELETE.DeleteProdutoUnitTest.DeleteProdutoById_Return_OkResult [FAIL]"}}
TpTrace Verbose: 0 : 17728, 13, 2025/02/04, 23:56:15.941, 51337052953, vstest.console.dll, TestRunRequest:SendTestRunMessage: Starting.
TpTrace Verbose: 0 : 17728, 13, 2025/02/04, 23:56:15.941, 51337054325, vstest.console.dll, MulticastDelegateUtilities.SafeInvoke: TestRun.LogMessages: Invoking callback 1/1 for Microsoft.VisualStudio.TestPlatform.CommandLine.TestRunResultAggregator., took 0 ms.
TpTrace Information: 0 : 17728, 13, 2025/02/04, 23:56:15.941, 51337054839, vstest.console.dll, TestRunRequest:SendTestRunMessage: Completed.
TpTrace Verbose: 0 : 17728, 13, 2025/02/04, 23:56:15.942, 51337056316, vstest.console.dll, MulticastDelegateUtilities.SafeInvoke: LengthPrefixCommunicationChannel: MessageReceived: Invoking callback 1/1 for Microsoft.VisualStudio.TestPlatform.CommunicationUtilities.TestRequestSender+<>c__DisplayClass34_0., took 0 ms.
TpTrace Verbose: 0 : 17728, 4, 2025/02/04, 23:56:15.942, 51337056319, vstest.console.dll, MulticastDelegateUtilities.SafeInvoke: InternalTestLoggerEvents.SendTestRunMessage: Invoking callback 1/1 for Microsoft.VisualStudio.TestPlatform.CommandLine.Internal.ConsoleLogger., took 0 ms.
TpTrace Verbose: 0 : 17728, 13, 2025/02/04, 23:56:15.942, 51337057101, vstest.console.dll, TcpClientExtensions.MessageLoopAsync: Polling on remoteEndPoint: 127.0.0.1:51404 localEndPoint: 127.0.0.1:51403 after 254 ms
TpTrace Verbose: 0 : 17728, 13, 2025/02/04, 23:56:15.942, 51337061527, vstest.console.dll, TcpClientExtensions.MessageLoopAsync: NotifyDataAvailable remoteEndPoint: 127.0.0.1:51404 localEndPoint: 127.0.0.1:51403
TpTrace Verbose: 0 : 17728, 13, 2025/02/04, 23:56:15.942, 51337063485, vstest.console.dll, TestRequestSender.OnExecutionMessageReceived: Received message: {"Version":7,"MessageType":"TestSession.Message","Payload":{"MessageLevel":0,"Message":"[xUnit.net 00:00:01.39]       System.Exception : Ocorreu uma exceção ao Deletar o Produto. Ocorrue uma exceção ao excluir.Ocorrue uma exceção ao excluir. Id nao encontrado"}}
TpTrace Verbose: 0 : 17728, 13, 2025/02/04, 23:56:15.942, 51337065630, vstest.console.dll, TestRunRequest:SendTestRunMessage: Starting.
TpTrace Verbose: 0 : 17728, 13, 2025/02/04, 23:56:15.943, 51337066854, vstest.console.dll, MulticastDelegateUtilities.SafeInvoke: TestRun.LogMessages: Invoking callback 1/1 for Microsoft.VisualStudio.TestPlatform.CommandLine.TestRunResultAggregator., took 0 ms.
TpTrace Verbose: 0 : 17728, 4, 2025/02/04, 23:56:15.943, 51337066990, vstest.console.dll, MulticastDelegateUtilities.SafeInvoke: InternalTestLoggerEvents.SendTestRunMessage: Invoking callback 1/1 for Microsoft.VisualStudio.TestPlatform.CommandLine.Internal.ConsoleLogger., took 0 ms.
TpTrace Information: 0 : 17728, 13, 2025/02/04, 23:56:15.943, 51337067421, vstest.console.dll, TestRunRequest:SendTestRunMessage: Completed.
TpTrace Verbose: 0 : 17728, 13, 2025/02/04, 23:56:15.943, 51337068714, vstest.console.dll, MulticastDelegateUtilities.SafeInvoke: LengthPrefixCommunicationChannel: MessageReceived: Invoking callback 1/1 for Microsoft.VisualStudio.TestPlatform.CommunicationUtilities.TestRequestSender+<>c__DisplayClass34_0., took 0 ms.
TpTrace Verbose: 0 : 17728, 13, 2025/02/04, 23:56:15.943, 51337069182, vstest.console.dll, TcpClientExtensions.MessageLoopAsync: Polling on remoteEndPoint: 127.0.0.1:51404 localEndPoint: 127.0.0.1:51403 after 1 ms
TpTrace Verbose: 0 : 17728, 13, 2025/02/04, 23:56:15.943, 51337075367, vstest.console.dll, TcpClientExtensions.MessageLoopAsync: NotifyDataAvailable remoteEndPoint: 127.0.0.1:51404 localEndPoint: 127.0.0.1:51403
TpTrace Verbose: 0 : 17728, 13, 2025/02/04, 23:56:15.944, 51337077346, vstest.console.dll, TestRequestSender.OnExecutionMessageReceived: Received message: {"Version":7,"MessageType":"TestSession.Message","Payload":{"MessageLevel":0,"Message":"[xUnit.net 00:00:01.39]       Stack Trace:"}}
TpTrace Verbose: 0 : 17728, 13, 2025/02/04, 23:56:15.944, 51337079611, vstest.console.dll, TestRunRequest:SendTestRunMessage: Starting.
TpTrace Verbose: 0 : 17728, 13, 2025/02/04, 23:56:15.944, 51337081169, vstest.console.dll, MulticastDelegateUtilities.SafeInvoke: TestRun.LogMessages: Invoking callback 1/1 for Microsoft.VisualStudio.TestPlatform.CommandLine.TestRunResultAggregator., took 0 ms.
TpTrace Verbose: 0 : 17728, 4, 2025/02/04, 23:56:15.944, 51337081292, vstest.console.dll, MulticastDelegateUtilities.SafeInvoke: InternalTestLoggerEvents.SendTestRunMessage: Invoking callback 1/1 for Microsoft.VisualStudio.TestPlatform.CommandLine.Internal.ConsoleLogger., took 0 ms.
TpTrace Information: 0 : 17728, 13, 2025/02/04, 23:56:15.944, 51337081869, vstest.console.dll, TestRunRequest:SendTestRunMessage: Completed.
TpTrace Verbose: 0 : 17728, 13, 2025/02/04, 23:56:15.944, 51337083360, vstest.console.dll, MulticastDelegateUtilities.SafeInvoke: LengthPrefixCommunicationChannel: MessageReceived: Invoking callback 1/1 for Microsoft.VisualStudio.TestPlatform.CommunicationUtilities.TestRequestSender+<>c__DisplayClass34_0., took 0 ms.
TpTrace Verbose: 0 : 17728, 13, 2025/02/04, 23:56:15.944, 51337083924, vstest.console.dll, TcpClientExtensions.MessageLoopAsync: Polling on remoteEndPoint: 127.0.0.1:51404 localEndPoint: 127.0.0.1:51403 after 1 ms
TpTrace Verbose: 0 : 17728, 13, 2025/02/04, 23:56:15.945, 51337088441, vstest.console.dll, TcpClientExtensions.MessageLoopAsync: NotifyDataAvailable remoteEndPoint: 127.0.0.1:51404 localEndPoint: 127.0.0.1:51403
TpTrace Verbose: 0 : 17728, 13, 2025/02/04, 23:56:15.945, 51337090597, vstest.console.dll, TestRequestSender.OnExecutionMessageReceived: Received message: {"Version":7,"MessageType":"TestSession.Message","Payload":{"MessageLevel":0,"Message":"[xUnit.net 00:00:01.39]         C:\\Users\\Arthu\\OneDrive\\Área de Trabalho\\Projetos\\AulaCursoAPI\\LojinhaApi\\ApplicationApi\\Services\\ProdutoServices.cs(141,0): at ApplicationApi.Services.ProdutoServices.DeleteProduto(Guid id)"}}
TpTrace Verbose: 0 : 17728, 13, 2025/02/04, 23:56:15.945, 51337092927, vstest.console.dll, TestRunRequest:SendTestRunMessage: Starting.
TpTrace Verbose: 0 : 17728, 13, 2025/02/04, 23:56:15.945, 51337094342, vstest.console.dll, MulticastDelegateUtilities.SafeInvoke: TestRun.LogMessages: Invoking callback 1/1 for Microsoft.VisualStudio.TestPlatform.CommandLine.TestRunResultAggregator., took 0 ms.
TpTrace Verbose: 0 : 17728, 4, 2025/02/04, 23:56:15.945, 51337094526, vstest.console.dll, MulticastDelegateUtilities.SafeInvoke: InternalTestLoggerEvents.SendTestRunMessage: Invoking callback 1/1 for Microsoft.VisualStudio.TestPlatform.CommandLine.Internal.ConsoleLogger., took 0 ms.
TpTrace Information: 0 : 17728, 13, 2025/02/04, 23:56:15.945, 51337094864, vstest.console.dll, TestRunRequest:SendTestRunMessage: Completed.
TpTrace Verbose: 0 : 17728, 13, 2025/02/04, 23:56:15.946, 51337096235, vstest.console.dll, MulticastDelegateUtilities.SafeInvoke: LengthPrefixCommunicationChannel: MessageReceived: Invoking callback 1/1 for Microsoft.VisualStudio.TestPlatform.CommunicationUtilities.TestRequestSender+<>c__DisplayClass34_0., took 0 ms.
TpTrace Verbose: 0 : 17728, 13, 2025/02/04, 23:56:15.946, 51337096769, vstest.console.dll, TcpClientExtensions.MessageLoopAsync: Polling on remoteEndPoint: 127.0.0.1:51404 localEndPoint: 127.0.0.1:51403 after 1 ms
TpTrace Verbose: 0 : 17728, 13, 2025/02/04, 23:56:15.946, 51337097342, vstest.console.dll, TcpClientExtensions.MessageLoopAsync: NotifyDataAvailable remoteEndPoint: 127.0.0.1:51404 localEndPoint: 127.0.0.1:51403
TpTrace Verbose: 0 : 17728, 13, 2025/02/04, 23:56:15.946, 51337098478, vstest.console.dll, TestRequestSender.OnExecutionMessageReceived: Received message: {"Version":7,"MessageType":"TestSession.Message","Payload":{"MessageLevel":0,"Message":"[xUnit.net 00:00:01.39]         C:\\Users\\Arthu\\OneDrive\\Área de Trabalho\\Projetos\\AulaCursoAPI\\LojinhaApi\\ProdutosUnitTest\\DELETE\\DeleteProdutoUnitTest.cs(41,0): at ProdutosUnitTest.DELETE.DeleteProdutoUnitTest.DeleteProdutoById_Return_OkResult()"}}
TpTrace Verbose: 0 : 17728, 13, 2025/02/04, 23:56:15.946, 51337100629, vstest.console.dll, TestRunRequest:SendTestRunMessage: Starting.
TpTrace Verbose: 0 : 17728, 13, 2025/02/04, 23:56:15.946, 51337101803, vstest.console.dll, MulticastDelegateUtilities.SafeInvoke: TestRun.LogMessages: Invoking callback 1/1 for Microsoft.VisualStudio.TestPlatform.CommandLine.TestRunResultAggregator., took 0 ms.
TpTrace Verbose: 0 : 17728, 4, 2025/02/04, 23:56:15.946, 51337101900, vstest.console.dll, MulticastDelegateUtilities.SafeInvoke: InternalTestLoggerEvents.SendTestRunMessage: Invoking callback 1/1 for Microsoft.VisualStudio.TestPlatform.CommandLine.Internal.ConsoleLogger., took 0 ms.
TpTrace Information: 0 : 17728, 13, 2025/02/04, 23:56:15.946, 51337102376, vstest.console.dll, TestRunRequest:SendTestRunMessage: Completed.
TpTrace Verbose: 0 : 17728, 13, 2025/02/04, 23:56:15.946, 51337103543, vstest.console.dll, MulticastDelegateUtilities.SafeInvoke: LengthPrefixCommunicationChannel: MessageReceived: Invoking callback 1/1 for Microsoft.VisualStudio.TestPlatform.CommunicationUtilities.TestRequestSender+<>c__DisplayClass34_0., took 0 ms.
TpTrace Verbose: 0 : 17728, 13, 2025/02/04, 23:56:15.946, 51337104096, vstest.console.dll, TcpClientExtensions.MessageLoopAsync: Polling on remoteEndPoint: 127.0.0.1:51404 localEndPoint: 127.0.0.1:51403 after 0 ms
TpTrace Verbose: 0 : 17728, 13, 2025/02/04, 23:56:15.947, 51337106426, vstest.console.dll, TcpClientExtensions.MessageLoopAsync: NotifyDataAvailable remoteEndPoint: 127.0.0.1:51404 localEndPoint: 127.0.0.1:51403
TpTrace Verbose: 0 : 17728, 13, 2025/02/04, 23:56:15.947, 51337107985, vstest.console.dll, TestRequestSender.OnExecutionMessageReceived: Received message: {"Version":7,"MessageType":"TestSession.Message","Payload":{"MessageLevel":0,"Message":"[xUnit.net 00:00:01.39]         --- End of stack trace from previous location ---"}}
TpTrace Verbose: 0 : 17728, 13, 2025/02/04, 23:56:15.947, 51337109752, vstest.console.dll, TestRunRequest:SendTestRunMessage: Starting.
TpTrace Verbose: 0 : 17728, 13, 2025/02/04, 23:56:15.947, 51337110783, vstest.console.dll, MulticastDelegateUtilities.SafeInvoke: TestRun.LogMessages: Invoking callback 1/1 for Microsoft.VisualStudio.TestPlatform.CommandLine.TestRunResultAggregator., took 0 ms.
TpTrace Verbose: 0 : 17728, 4, 2025/02/04, 23:56:15.947, 51337110935, vstest.console.dll, MulticastDelegateUtilities.SafeInvoke: InternalTestLoggerEvents.SendTestRunMessage: Invoking callback 1/1 for Microsoft.VisualStudio.TestPlatform.CommandLine.Internal.ConsoleLogger., took 0 ms.
TpTrace Information: 0 : 17728, 13, 2025/02/04, 23:56:15.947, 51337111262, vstest.console.dll, TestRunRequest:SendTestRunMessage: Completed.
TpTrace Verbose: 0 : 17728, 13, 2025/02/04, 23:56:15.947, 51337112317, vstest.console.dll, MulticastDelegateUtilities.SafeInvoke: LengthPrefixCommunicationChannel: MessageReceived: Invoking callback 1/1 for Microsoft.VisualStudio.TestPlatform.CommunicationUtilities.TestRequestSender+<>c__DisplayClass34_0., took 0 ms.
TpTrace Verbose: 0 : 17728, 13, 2025/02/04, 23:56:15.947, 51337112795, vstest.console.dll, TcpClientExtensions.MessageLoopAsync: Polling on remoteEndPoint: 127.0.0.1:51404 localEndPoint: 127.0.0.1:51403 after 0 ms
TpTrace Verbose: 0 : 17728, 13, 2025/02/04, 23:56:16.001, 51337650826, vstest.console.dll, TcpClientExtensions.MessageLoopAsync: NotifyDataAvailable remoteEndPoint: 127.0.0.1:51404 localEndPoint: 127.0.0.1:51403
TpTrace Verbose: 0 : 17728, 13, 2025/02/04, 23:56:16.002, 51337656003, vstest.console.dll, TestRequestSender.OnExecutionMessageReceived: Received message: {"Version":7,"MessageType":"TestExecution.StatsChange","Payload":{"NewTestResults":[{"TestCase":{"Id":"4b664ecb-0f02-1fcf-92b6-c1003d6b94ab","FullyQualifiedName":"ProdutosUnitTest.GET.GetProdutosUnitTests.GetProdutosById_Return_BadRequest","DisplayName":"ProdutosUnitTest.GET.GetProdutosUnitTests.GetProdutosById_Return_BadRequest","ExecutorUri":"executor://xunit/VsTestRunner2/netcoreapp","Source":"C:\\Users\\Arthu\\OneDrive\\Área de Trabalho\\Projetos\\AulaCursoAPI\\LojinhaApi\\ProdutosUnitTest\\bin\\Debug\\net8.0\\fine-code-coverage\\build-output\\ProdutosUnitTest.dll","CodeFilePath":null,"LineNumber":0,"Properties":[]},"Attachments":[],"Outcome":1,"ErrorMessage":null,"ErrorStackTrace":null,"DisplayName":"ProdutosUnitTest.GET.GetProdutosUnitTests.GetProdutosById_Return_BadRequest","Messages":[],"ComputerName":"ARTHURGUERRA","Duration":"00:00:00.0024221","StartTime":"2025-02-05T02:56:15.0819106+00:00","EndTime":"2025-02-05T02:56:15.0819285+00:00","Properties":[]},{"TestCase":{"Id":"4e118f79-23c8-98e0-80a8-36667acf9988","FullyQualifiedName":"ProdutosUnitTest.PUT.PutProdutoUnitTest.PutProduto_Update_Return_BadRequest","DisplayName":"ProdutosUnitTest.PUT.PutProdutoUnitTest.PutProduto_Update_Return_BadRequest","ExecutorUri":"executor://xunit/VsTestRunner2/netcoreapp","Source":"C:\\Users\\Arthu\\OneDrive\\Área de Trabalho\\Projetos\\AulaCursoAPI\\LojinhaApi\\ProdutosUnitTest\\bin\\Debug\\net8.0\\fine-code-coverage\\build-output\\ProdutosUnitTest.dll","CodeFilePath":null,"LineNumber":0,"Properties":[]},"Attachments":[],"Outcome":1,"ErrorMessage":null,"ErrorStackTrace":null,"DisplayName":"ProdutosUnitTest.PUT.PutProdutoUnitTest.PutProduto_Update_Return_BadRequest","Messages":[],"ComputerName":"ARTHURGUERRA","Duration":"00:00:00.0024209","StartTime":"2025-02-05T02:56:15.0985321+00:00","EndTime":"2025-02-05T02:56:15.0985323+00:00","Properties":[]},{"TestCase":{"Id":"b1b6c432-47d5-3853-55bb-c6cbd9f60671","FullyQualifiedName":"ProdutosUnitTest.DELETE.DeleteProdutoUnitTest.DeleteProdutoById_Return_OkResult","DisplayName":"ProdutosUnitTest.DELETE.DeleteProdutoUnitTest.DeleteProdutoById_Return_OkResult","ExecutorUri":"executor://xunit/VsTestRunner2/netcoreapp","Source":"C:\\Users\\Arthu\\OneDrive\\Área de Trabalho\\Projetos\\AulaCursoAPI\\LojinhaApi\\ProdutosUnitTest\\bin\\Debug\\net8.0\\fine-code-coverage\\build-output\\ProdutosUnitTest.dll","CodeFilePath":null,"LineNumber":0,"Properties":[]},"Attachments":[],"Outcome":2,"ErrorMessage":"System.Exception : Ocorreu uma exceção ao Deletar o Produto. Ocorrue uma exceção ao excluir.Ocorrue uma exceção ao excluir. Id nao encontrado","ErrorStackTrace":"   at ApplicationApi.Services.ProdutoServices.DeleteProduto(Guid id) in C:\\Users\\Arthu\\OneDrive\\Área de Trabalho\\Projetos\\AulaCursoAPI\\LojinhaApi\\ApplicationApi\\Services\\ProdutoServices.cs:line 141\r\n   at ProdutosUnitTest.DELETE.DeleteProdutoUnitTest.DeleteProdutoById_Return_OkResult() in C:\\Users\\Arthu\\OneDrive\\Área de Trabalho\\Projetos\\AulaCursoAPI\\LojinhaApi\\ProdutosUnitTest\\DELETE\\DeleteProdutoUnitTest.cs:line 41\r\n--- End of stack trace from previous location ---","DisplayName":"ProdutosUnitTest.DELETE.DeleteProdutoUnitTest.DeleteProdutoById_Return_OkResult","Messages":[],"ComputerName":"ARTHURGUERRA","Duration":"00:00:00.8672793","StartTime":"2025-02-05T02:56:15.9483479+00:00","EndTime":"2025-02-05T02:56:15.9483485+00:00","Properties":[]},{"TestCase":{"Id":"117c0e08-dd4e-ebe9-7710-85c62793a6e2","FullyQualifiedName":"ProdutosUnitTest.GET.GetProdutosUnitTests.GetProdutos_Return_ListOfProdutoDTO","DisplayName":"ProdutosUnitTest.GET.GetProdutosUnitTests.GetProdutos_Return_ListOfProdutoDTO","ExecutorUri":"executor://xunit/VsTestRunner2/netcoreapp","Source":"C:\\Users\\Arthu\\OneDrive\\Área de Trabalho\\Projetos\\AulaCursoAPI\\LojinhaApi\\ProdutosUnitTest\\bin\\Debug\\net8.0\\fine-code-coverage\\build-output\\ProdutosUnitTest.dll","CodeFilePath":null,"LineNumber":0,"Properties":[]},"Attachments":[],"Outcome":1,"ErrorMessage":null,"ErrorStackTrace":null,"DisplayName":"ProdutosUnitTest.GET.GetProdutosUnitTests.GetProdutos_Return_ListOfProdutoDTO","Messages":[],"ComputerName":"ARTHURGUERRA","Duration":"00:00:00.8855867","StartTime":"2025-02-05T02:56:15.9519022+00:00","EndTime":"2025-02-05T02:56:15.9519023+00:00","Properties":[]},{"TestCase":{"Id":"4386a506-15f5-0a0d-d526-ef983ac99650","FullyQualifiedName":"ProdutosUnitTest.POST.PostProdutoUnitTest.PostProduto_Return_CreateStatusCode","DisplayName":"ProdutosUnitTest.POST.PostProdutoUnitTest.PostProduto_Return_CreateStatusCode","ExecutorUri":"executor://xunit/VsTestRunner2/netcoreapp","Source":"C:\\Users\\Arthu\\OneDrive\\Área de Trabalho\\Projetos\\AulaCursoAPI\\LojinhaApi\\ProdutosUnitTest\\bin\\Debug\\net8.0\\fine-code-coverage\\build-output\\ProdutosUnitTest.dll","CodeFilePath":null,"LineNumber":0,"Properties":[]},"Attachments":[],"Outcome":1,"ErrorMessage":null,"ErrorStackTrace":null,"DisplayName":"ProdutosUnitTest.POST.PostProdutoUnitTest.PostProduto_Return_CreateStatusCode","Messages":[],"ComputerName":"ARTHURGUERRA","Duration":"00:00:00.8918910","StartTime":"2025-02-05T02:56:15.9543446+00:00","EndTime":"2025-02-05T02:56:15.9543448+00:00","Properties":[]},{"TestCase":{"Id":"89e1299c-69cc-059d-9c08-033837c2b76e","FullyQualifiedName":"ProdutosUnitTest.PUT.PutProdutoUnitTest.PutProduto_Update_ReturnOkresult","DisplayName":"ProdutosUnitTest.PUT.PutProdutoUnitTest.PutProduto_Update_ReturnOkresult","ExecutorUri":"executor://xunit/VsTestRunner2/netcoreapp","Source":"C:\\Users\\Arthu\\OneDrive\\Área de Trabalho\\Projetos\\AulaCursoAPI\\LojinhaApi\\ProdutosUnitTest\\bin\\Debug\\net8.0\\fine-code-coverage\\build-output\\ProdutosUnitTest.dll","CodeFilePath":null,"LineNumber":0,"Properties":[]},"Attachments":[],"Outcome":1,"ErrorMessage":null,"ErrorStackTrace":null,"DisplayName":"ProdutosUnitTest.PUT.PutProdutoUnitTest.PutProduto_Update_ReturnOkresult","Messages":[],"ComputerName":"ARTHURGUERRA","Duration":"00:00:00.8905215","StartTime":"2025-02-05T02:56:15.9566312+00:00","EndTime":"2025-02-05T02:56:15.9566313+00:00","Properties":[]},{"TestCase":{"Id":"bed12edf-9c20-b8e2-9f6b-fde304e8a61c","FullyQualifiedName":"ProdutosUnitTest.POST.PostProdutoUnitTest.PostProduto_Return_Badrequest","DisplayName":"ProdutosUnitTest.POST.PostProdutoUnitTest.PostProduto_Return_Badrequest","ExecutorUri":"executor://xunit/VsTestRunner2/netcoreapp","Source":"C:\\Users\\Arthu\\OneDrive\\Área de Trabalho\\Projetos\\AulaCursoAPI\\LojinhaApi\\ProdutosUnitTest\\bin\\Debug\\net8.0\\fine-code-coverage\\build-output\\ProdutosUnitTest.dll","CodeFilePath":null,"LineNumber":0,"Properties":[]},"Attachments":[],"Outcome":1,"ErrorMessage":null,"ErrorStackTrace":null,"DisplayName":"ProdutosUnitTest.POST.PostProdutoUnitTest.PostProduto_Return_Badrequest","Messages":[],"ComputerName":"ARTHURGUERRA","Duration":"00:00:00.0006554","StartTime":"2025-02-05T02:56:15.9662798+00:00","EndTime":"2025-02-05T02:56:15.9662801+00:00","Properties":[]},{"TestCase":{"Id":"1b6cb325-a38b-7341-fe09-e0b414d91ff7","FullyQualifiedName":"ProdutosUnitTest.GET.GetProdutosUnitTests.GetProdutosById_OkResult","DisplayName":"ProdutosUnitTest.GET.GetProdutosUnitTests.GetProdutosById_OkResult","ExecutorUri":"executor://xunit/VsTestRunner2/netcoreapp","Source":"C:\\Users\\Arthu\\OneDrive\\Área de Trabalho\\Projetos\\AulaCursoAPI\\LojinhaApi\\ProdutosUnitTest\\bin\\Debug\\net8.0\\fine-code-coverage\\build-output\\ProdutosUnitTest.dll","CodeFilePath":null,"LineNumber":0,"Properties":[]},"Attachments":[],"Outcome":1,"ErrorMessage":null,"ErrorStackTrace":null,"DisplayName":"ProdutosUnitTest.GET.GetProdutosUnitTests.GetProdutosById_OkResult","Messages":[],"ComputerName":"ARTHURGUERRA","Duration":"00:00:00.0110878","StartTime":"2025-02-05T02:56:15.968605+00:00","EndTime":"2025-02-05T02:56:15.9686052+00:00","Properties":[]},{"TestCase":{"Id":"4d9bb2af-398c-b71b-3f2b-4e26cd0b0f03","FullyQualifiedName":"ProdutosUnitTest.GET.GetProdutosUnitTests.GetProdutosById_Return_NotFound","DisplayName":"ProdutosUnitTest.GET.GetProdutosUnitTests.GetProdutosById_Return_NotFound","ExecutorUri":"executor://xunit/VsTestRunner2/netcoreapp","Source":"C:\\Users\\Arthu\\OneDrive\\Área de Trabalho\\Projetos\\AulaCursoAPI\\LojinhaApi\\ProdutosUnitTest\\bin\\Debug\\net8.0\\fine-code-coverage\\build-output\\ProdutosUnitTest.dll","CodeFilePath":null,"LineNumber":0,"Properties":[]},"Attachments":[],"Outcome":1,"ErrorMessage":null,"ErrorStackTrace":null,"DisplayName":"ProdutosUnitTest.GET.GetProdutosUnitTests.GetProdutosById_Return_NotFound","Messages":[],"ComputerName":"ARTHURGUERRA","Duration":"00:00:00.0005324","StartTime":"2025-02-05T02:56:15.9724101+00:00","EndTime":"2025-02-05T02:56:15.9724104+00:00","Properties":[]}],"TestRunStatistics":{"ExecutedTests":9,"Stats":{"Passed":8,"Failed":1}},"ActiveTests":[{"Id":"2efaa7ce-2417-dbed-3f2e-36737b85a07a","FullyQualifiedName":"ProdutosUnitTest.GET.GetProdutosUnitTests.GetProdutos_Return_BadRequestResult","DisplayName":"ProdutosUnitTest.GET.GetProdutosUnitTests.GetProdutos_Return_BadRequestResult","ExecutorUri":"executor://xunit/VsTestRunner2/netcoreapp","Source":"C:\\Users\\Arthu\\OneDrive\\Área de Trabalho\\Projetos\\AulaCursoAPI\\LojinhaApi\\ProdutosUnitTest\\bin\\Debug\\net8.0\\fine-code-coverage\\build-output\\ProdutosUnitTest.dll","CodeFilePath":null,"LineNumber":0,"Properties":[]}]}}
TpTrace Verbose: 0 : 17728, 13, 2025/02/04, 23:56:16.032, 51337963836, vstest.console.dll, TestRunRequest:SendTestRunStatsChange: Starting.
TpTrace Verbose: 0 : 17728, 13, 2025/02/04, 23:56:16.032, 51337965216, vstest.console.dll, InProgress is ProdutosUnitTest.GET.GetProdutosUnitTests.GetProdutos_Return_BadRequestResult
TpTrace Verbose: 0 : 17728, 13, 2025/02/04, 23:56:16.033, 51337967041, vstest.console.dll, MulticastDelegateUtilities.SafeInvoke: TestRun.RunStatsChanged: Invoking callbacks was skipped because there are no subscribers.
TpTrace Information: 0 : 17728, 13, 2025/02/04, 23:56:16.033, 51337967377, vstest.console.dll, TestRunRequest:SendTestRunStatsChange: Completed.
TpTrace Verbose: 0 : 17728, 13, 2025/02/04, 23:56:16.033, 51337967600, vstest.console.dll, MulticastDelegateUtilities.SafeInvoke: LengthPrefixCommunicationChannel: MessageReceived: Invoking callback 1/1 for Microsoft.VisualStudio.TestPlatform.CommunicationUtilities.TestRequestSender+<>c__DisplayClass34_0., took 31 ms.
TpTrace Verbose: 0 : 17728, 13, 2025/02/04, 23:56:16.033, 51337967835, vstest.console.dll, TcpClientExtensions.MessageLoopAsync: Polling on remoteEndPoint: 127.0.0.1:51404 localEndPoint: 127.0.0.1:51403 after 85 ms
TpTrace Verbose: 0 : 17728, 13, 2025/02/04, 23:56:16.033, 51337968188, vstest.console.dll, TcpClientExtensions.MessageLoopAsync: NotifyDataAvailable remoteEndPoint: 127.0.0.1:51404 localEndPoint: 127.0.0.1:51403
TpTrace Verbose: 0 : 17728, 13, 2025/02/04, 23:56:16.033, 51337968687, vstest.console.dll, TestRequestSender.OnExecutionMessageReceived: Received message: {"Version":7,"MessageType":"TestSession.Message","Payload":{"MessageLevel":0,"Message":"[xUnit.net 00:00:01.45]   Finished:    ProdutosUnitTest"}}
TpTrace Verbose: 0 : 17728, 13, 2025/02/04, 23:56:16.033, 51337969458, vstest.console.dll, TestRunRequest:SendTestRunMessage: Starting.
TpTrace Verbose: 0 : 17728, 13, 2025/02/04, 23:56:16.033, 51337969810, vstest.console.dll, MulticastDelegateUtilities.SafeInvoke: TestRun.LogMessages: Invoking callback 1/1 for Microsoft.VisualStudio.TestPlatform.CommandLine.TestRunResultAggregator., took 0 ms.
TpTrace Information: 0 : 17728, 13, 2025/02/04, 23:56:16.033, 51337970015, vstest.console.dll, TestRunRequest:SendTestRunMessage: Completed.
TpTrace Verbose: 0 : 17728, 13, 2025/02/04, 23:56:16.033, 51337970194, vstest.console.dll, MulticastDelegateUtilities.SafeInvoke: LengthPrefixCommunicationChannel: MessageReceived: Invoking callback 1/1 for Microsoft.VisualStudio.TestPlatform.CommunicationUtilities.TestRequestSender+<>c__DisplayClass34_0., took 0 ms.
TpTrace Verbose: 0 : 17728, 13, 2025/02/04, 23:56:16.033, 51337970388, vstest.console.dll, TcpClientExtensions.MessageLoopAsync: Polling on remoteEndPoint: 127.0.0.1:51404 localEndPoint: 127.0.0.1:51403 after 0 ms
TpTrace Verbose: 0 : 17728, 13, 2025/02/04, 23:56:16.033, 51337970622, vstest.console.dll, TcpClientExtensions.MessageLoopAsync: NotifyDataAvailable remoteEndPoint: 127.0.0.1:51404 localEndPoint: 127.0.0.1:51403
TpTrace Verbose: 0 : 17728, 13, 2025/02/04, 23:56:16.033, 51337971085, vstest.console.dll, TestRequestSender.OnExecutionMessageReceived: Received message: {"Version":7,"MessageType":"TestExecution.Completed","Payload":{"TestRunCompleteArgs":{"TestRunStatistics":{"ExecutedTests":10,"Stats":{"Passed":9,"Failed":1}},"IsCanceled":false,"IsAborted":false,"Error":null,"AttachmentSets":[],"InvokedDataCollectors":[],"ElapsedTimeInRunningTests":"00:00:01.4678858","Metrics":{},"DiscoveredExtensions":{"TestDiscoverers":["Xunit.Runner.VisualStudio.VsTestRunner, xunit.runner.visualstudio.dotnetcore.testadapter, Version=2.5.0.0, Culture=neutral, PublicKeyToken=null"],"TestExecutors":["executor://xunit/VsTestRunner2/netcoreapp"],"TestExecutors2":[],"TestSettingsProviders":[]}},"LastRunTests":{"NewTestResults":[{"TestCase":{"Id":"2efaa7ce-2417-dbed-3f2e-36737b85a07a","FullyQualifiedName":"ProdutosUnitTest.GET.GetProdutosUnitTests.GetProdutos_Return_BadRequestResult","DisplayName":"ProdutosUnitTest.GET.GetProdutosUnitTests.GetProdutos_Return_BadRequestResult","ExecutorUri":"executor://xunit/VsTestRunner2/netcoreapp","Source":"C:\\Users\\Arthu\\OneDrive\\Área de Trabalho\\Projetos\\AulaCursoAPI\\LojinhaApi\\ProdutosUnitTest\\bin\\Debug\\net8.0\\fine-code-coverage\\build-output\\ProdutosUnitTest.dll","CodeFilePath":null,"LineNumber":0,"Properties":[]},"Attachments":[],"Outcome":1,"ErrorMessage":null,"ErrorStackTrace":null,"DisplayName":"ProdutosUnitTest.GET.GetProdutosUnitTests.GetProdutos_Return_BadRequestResult","Messages":[],"ComputerName":"ARTHURGUERRA","Duration":"00:00:00.0005338","StartTime":"2025-02-05T02:56:16.0031261+00:00","EndTime":"2025-02-05T02:56:16.0031262+00:00","Properties":[]}],"TestRunStatistics":{"ExecutedTests":10,"Stats":{"Passed":9,"Failed":1}},"ActiveTests":[]},"RunAttachments":[],"ExecutorUris":["executor://xunit/VsTestRunner2/netcoreapp"]}}
TpTrace Verbose: 0 : 17728, 13, 2025/02/04, 23:56:16.033, 51337971613, vstest.console.dll, TestRequestSender.EndSession: Sending end session.
TpTrace Verbose: 0 : 17728, 13, 2025/02/04, 23:56:16.033, 51337972874, vstest.console.dll, ProxyOperationManager.Close: waiting for test host to exit for 100 ms
TpTrace Verbose: 0 : 17728, 4, 2025/02/04, 23:56:16.035, 51337993447, vstest.console.dll, MulticastDelegateUtilities.SafeInvoke: InternalTestLoggerEvents.SendTestResult: Invoking callback 1/1 for Microsoft.VisualStudio.TestPlatform.CommandLine.Internal.ConsoleLogger., took 2 ms.
TpTrace Verbose: 0 : 17728, 4, 2025/02/04, 23:56:16.036, 51337996658, vstest.console.dll, MulticastDelegateUtilities.SafeInvoke: InternalTestLoggerEvents.SendTestResult: Invoking callback 1/1 for Microsoft.VisualStudio.TestPlatform.CommandLine.Internal.ConsoleLogger., took 0 ms.
TpTrace Verbose: 0 : 17728, 4, 2025/02/04, 23:56:16.036, 51338002657, vstest.console.dll, MulticastDelegateUtilities.SafeInvoke: InternalTestLoggerEvents.SendTestResult: Invoking callback 1/1 for Microsoft.VisualStudio.TestPlatform.CommandLine.Internal.ConsoleLogger., took 0 ms.
TpTrace Verbose: 0 : 17728, 4, 2025/02/04, 23:56:16.036, 51338004189, vstest.console.dll, MulticastDelegateUtilities.SafeInvoke: InternalTestLoggerEvents.SendTestResult: Invoking callback 1/1 for Microsoft.VisualStudio.TestPlatform.CommandLine.Internal.ConsoleLogger., took 0 ms.
TpTrace Verbose: 0 : 17728, 4, 2025/02/04, 23:56:16.036, 51338004577, vstest.console.dll, MulticastDelegateUtilities.SafeInvoke: InternalTestLoggerEvents.SendTestResult: Invoking callback 1/1 for Microsoft.VisualStudio.TestPlatform.CommandLine.Internal.ConsoleLogger., took 0 ms.
TpTrace Verbose: 0 : 17728, 4, 2025/02/04, 23:56:16.036, 51338004870, vstest.console.dll, MulticastDelegateUtilities.SafeInvoke: InternalTestLoggerEvents.SendTestResult: Invoking callback 1/1 for Microsoft.VisualStudio.TestPlatform.CommandLine.Internal.ConsoleLogger., took 0 ms.
TpTrace Verbose: 0 : 17728, 4, 2025/02/04, 23:56:16.036, 51338005143, vstest.console.dll, MulticastDelegateUtilities.SafeInvoke: InternalTestLoggerEvents.SendTestResult: Invoking callback 1/1 for Microsoft.VisualStudio.TestPlatform.CommandLine.Internal.ConsoleLogger., took 0 ms.
TpTrace Verbose: 0 : 17728, 4, 2025/02/04, 23:56:16.036, 51338005449, vstest.console.dll, MulticastDelegateUtilities.SafeInvoke: InternalTestLoggerEvents.SendTestResult: Invoking callback 1/1 for Microsoft.VisualStudio.TestPlatform.CommandLine.Internal.ConsoleLogger., took 0 ms.
TpTrace Verbose: 0 : 17728, 4, 2025/02/04, 23:56:16.036, 51338005712, vstest.console.dll, MulticastDelegateUtilities.SafeInvoke: InternalTestLoggerEvents.SendTestResult: Invoking callback 1/1 for Microsoft.VisualStudio.TestPlatform.CommandLine.Internal.ConsoleLogger., took 0 ms.
TpTrace Verbose: 0 : 17728, 4, 2025/02/04, 23:56:16.037, 51338006244, vstest.console.dll, MulticastDelegateUtilities.SafeInvoke: InternalTestLoggerEvents.SendTestRunMessage: Invoking callback 1/1 for Microsoft.VisualStudio.TestPlatform.CommandLine.Internal.ConsoleLogger., took 0 ms.
TpTrace Verbose: 0 : 17728, 11, 2025/02/04, 23:56:16.073, 51338371521, vstest.console.dll, TestHostManagerCallbacks.StandardOutputReceivedCallback Test host standard output line: 
TpTrace Warning: 0 : 17728, 7, 2025/02/04, 23:56:16.073, 51338371521, vstest.console.dll, TestHostManagerCallbacks.ErrorReceivedCallback Test host standard error line: 
TpTrace Verbose: 0 : 17728, 7, 2025/02/04, 23:56:16.089, 51338530137, vstest.console.dll, TestHostProvider.ExitCallBack: Host exited starting callback.
TpTrace Information: 0 : 17728, 7, 2025/02/04, 23:56:16.089, 51338531408, vstest.console.dll, TestHostManagerCallbacks.ExitCallBack: Testhost processId: 9532 exited with exitcode: 0 error: ''
TpTrace Verbose: 0 : 17728, 7, 2025/02/04, 23:56:16.089, 51338531734, vstest.console.dll, DotnetTestHostManager.OnHostExited: invoking OnHostExited callback
TpTrace Verbose: 0 : 17728, 7, 2025/02/04, 23:56:16.089, 51338532129, vstest.console.dll, CrossPlatEngine.TestHostManagerHostExited: calling on client process exit callback.
TpTrace Information: 0 : 17728, 7, 2025/02/04, 23:56:16.089, 51338532552, vstest.console.dll, TestRequestSender.OnClientProcessExit: Test host process exited. Standard error: 
TpTrace Information: 0 : 17728, 7, 2025/02/04, 23:56:16.089, 51338532826, vstest.console.dll, SocketServer.Stop: Stop server endPoint: 127.0.0.1:51403
TpTrace Information: 0 : 17728, 7, 2025/02/04, 23:56:16.089, 51338533002, vstest.console.dll, SocketServer.Stop: Cancellation requested. Stopping message loop.
TpTrace Information: 0 : 17728, 13, 2025/02/04, 23:56:16.089, 51338533178, vstest.console.dll, SocketServer.Stop: Stop server endPoint: 127.0.0.1:51403
TpTrace Verbose: 0 : 17728, 7, 2025/02/04, 23:56:16.089, 51338533772, vstest.console.dll, MulticastDelegateUtilities.SafeInvoke: HostProviderEvents.OnHostExited: Invoking callback 1/1 for Microsoft.VisualStudio.TestPlatform.CrossPlatEngine.Client.ProxyOperationManager., took 0 ms.
TpTrace Information: 0 : 17728, 13, 2025/02/04, 23:56:16.089, 51338533919, vstest.console.dll, SocketServer.Stop: Cancellation requested. Stopping message loop.
TpTrace Information: 0 : 17728, 13, 2025/02/04, 23:56:16.089, 51338534669, vstest.console.dll, Closing the connection
TpTrace Verbose: 0 : 17728, 13, 2025/02/04, 23:56:16.090, 51338536500, vstest.console.dll, ProxyDataCollectionManager.InvokeDataCollectionServiceAction: Starting.
TpTrace Information: 0 : 17728, 13, 2025/02/04, 23:56:16.090, 51338536851, vstest.console.dll, ProxyDataCollectionManager.AfterTestRunEnd: Get attachment set and invoked data collectors processId: 2168 port: 51400
TpTrace Verbose: 0 : 17728, 13, 2025/02/04, 23:56:16.090, 51338537172, vstest.console.dll, DataCollectionRequestSender.SendAfterTestRunStartAndGetResult: Send AfterTestRunEnd message with isCancelled: False
TpTrace Verbose: 0 : 17728, 13, 2025/02/04, 23:56:16.102, 51338665139, vstest.console.dll, DataCollectionRequestSender.SendAfterTestRunStartAndGetResult: Received message: (DataCollection.AfterTestRunEndResult) -> {"MessageType":"DataCollection.AfterTestRunEndResult","Payload":{"AttachmentSets":[],"InvokedDataCollectors":[{"Uri":"datacollector://Microsoft/TestPlatform/Extensions/Blame/v1","FriendlyName":"Blame","AssemblyQualifiedName":"Microsoft.TestPlatform.Extensions.BlameDataCollector.BlameCollector, Microsoft.TestPlatform.Extensions.BlameDataCollector, Version=15.0.0.0, Culture=neutral, PublicKeyToken=b03f5f7f11d50a3a","FilePath":"C:\\Program Files\\dotnet\\sdk\\8.0.400\\Extensions\\Microsoft.TestPlatform.Extensions.BlameDataCollector.dll","HasAttachmentProcessor":false}],"Metrics":{}}}
TpTrace Warning: 0 : 17728, 10, 2025/02/04, 23:56:16.109, 51338727832, vstest.console.dll, DataCollectionLauncher.ErrorReceivedCallback datacollector standard error line: 
TpTrace Information: 0 : 17728, 13, 2025/02/04, 23:56:16.115, 51338786256, vstest.console.dll, ProxyDataCollectionManager.InvokeDataCollectionServiceAction: Completed.
TpTrace Information: 0 : 17728, 10, 2025/02/04, 23:56:16.120, 51338843407, vstest.console.dll, DataCollectionLauncher.ExitCallBack: Data collector exited with exitcode: 0 error: ''
TpTrace Verbose: 0 : 17728, 13, 2025/02/04, 23:56:16.181, 51339452590, vstest.console.dll, TestRunRequest:SendTestRunStatsChange: Starting.
TpTrace Verbose: 0 : 17728, 13, 2025/02/04, 23:56:16.181, 51339454655, vstest.console.dll, MulticastDelegateUtilities.SafeInvoke: TestRun.RunStatsChanged: Invoking callbacks was skipped because there are no subscribers.
TpTrace Information: 0 : 17728, 13, 2025/02/04, 23:56:16.181, 51339455242, vstest.console.dll, TestRunRequest:SendTestRunStatsChange: Completed.
TpTrace Verbose: 0 : 17728, 4, 2025/02/04, 23:56:16.182, 51339455977, vstest.console.dll, MulticastDelegateUtilities.SafeInvoke: InternalTestLoggerEvents.SendTestResult: Invoking callback 1/1 for Microsoft.VisualStudio.TestPlatform.CommandLine.Internal.ConsoleLogger., took 0 ms.
TpTrace Verbose: 0 : 17728, 13, 2025/02/04, 23:56:16.182, 51339460245, vstest.console.dll, ParallelProxyExecutionManager: HandlePartialRunComplete: Total workloads = 1, Total started clients = 1 Total completed clients = 1, Run complete = True, Run canceled: False.
TpTrace Verbose: 0 : 17728, 13, 2025/02/04, 23:56:16.182, 51339462253, vstest.console.dll, ParallelProxyExecutionManager: HandlePartialRunComplete: All runs completed stopping all managers.
TpTrace Verbose: 0 : 17728, 13, 2025/02/04, 23:56:16.182, 51339463057, vstest.console.dll, ParallelOperationManager.StopAllManagers: Stopping all managers.
TpTrace Verbose: 0 : 17728, 13, 2025/02/04, 23:56:16.182, 51339463470, vstest.console.dll, ParallelOperationManager.ClearSlots: Clearing all slots. Slots should accept more work: False
TpTrace Verbose: 0 : 17728, 13, 2025/02/04, 23:56:16.182, 51339464119, vstest.console.dll, ParallelOperationManager.SetOccupiedSlotCount: Setting slot counts AvailableSlotCount = 1, OccupiedSlotCount = 0.
TpTrace Verbose: 0 : 17728, 13, 2025/02/04, 23:56:16.182, 51339464843, vstest.console.dll, Occupied slots:

TpTrace Verbose: 0 : 17728, 4, 2025/02/04, 23:56:16.192, 51339563277, vstest.console.dll, MulticastDelegateUtilities.SafeInvoke: InternalTestLoggerEvents.SendTestRunComplete: Invoking callback 1/2 for Microsoft.TestPlatform.Extensions.BlameDataCollector.BlameLogger., took 0 ms.
TpTrace Verbose: 0 : 17728, 4, 2025/02/04, 23:56:16.199, 51339633281, vstest.console.dll, MulticastDelegateUtilities.SafeInvoke: InternalTestLoggerEvents.SendTestRunComplete: Invoking callback 2/2 for Microsoft.VisualStudio.TestPlatform.CommandLine.Internal.ConsoleLogger., took 6 ms.
TpTrace Verbose: 0 : 17728, 13, 2025/02/04, 23:56:16.200, 51339636964, vstest.console.dll, TestRunRequest:TestRunComplete: Starting. IsAborted:False IsCanceled:False.
TpTrace Verbose: 0 : 17728, 13, 2025/02/04, 23:56:16.200, 51339639068, vstest.console.dll, ParallelOperationManager.DoActionOnAllManagers: Calling an action on all managers.
TpTrace Verbose: 0 : 17728, 13, 2025/02/04, 23:56:16.201, 51339648779, vstest.console.dll, TestLoggerManager.HandleTestRunComplete: Ignoring as the object is disposed.
TpTrace Verbose: 0 : 17728, 13, 2025/02/04, 23:56:16.201, 51339651728, vstest.console.dll, MulticastDelegateUtilities.SafeInvoke: TestRun.TestRunComplete: Invoking callback 1/2 for Microsoft.VisualStudio.TestPlatform.CommandLine.TestRunResultAggregator., took 0 ms.
TpTrace Verbose: 0 : 17728, 13, 2025/02/04, 23:56:16.201, 51339653098, vstest.console.dll, MulticastDelegateUtilities.SafeInvoke: TestRun.TestRunComplete: Invoking callback 2/2 for Microsoft.VisualStudio.TestPlatform.CommandLine.Processors.RunTestsArgumentExecutor+TestRunRequestEventsRegistrar., took 0 ms.
TpTrace Information: 0 : 17728, 13, 2025/02/04, 23:56:16.201, 51339654357, vstest.console.dll, TestRunRequest:TestRunComplete: Completed.
TpTrace Verbose: 0 : 17728, 1, 2025/02/04, 23:56:16.201, 51339654553, vstest.console.dll, TestRunRequest.Dispose: Starting.
TpTrace Verbose: 0 : 17728, 13, 2025/02/04, 23:56:16.201, 51339654962, vstest.console.dll, TestRequestSender.SetOperationComplete: Setting operation complete.
TpTrace Information: 0 : 17728, 1, 2025/02/04, 23:56:16.202, 51339656227, vstest.console.dll, TestRunRequest.Dispose: Completed.
TpTrace Information: 0 : 17728, 13, 2025/02/04, 23:56:16.202, 51339656510, vstest.console.dll, SocketServer.Stop: Stop server endPoint: 127.0.0.1:51403
TpTrace Information: 0 : 17728, 1, 2025/02/04, 23:56:16.202, 51339656805, vstest.console.dll, TestRequestManager.RunTests: run tests completed.
TpTrace Information: 0 : 17728, 13, 2025/02/04, 23:56:16.202, 51339656904, vstest.console.dll, SocketServer.Stop: Cancellation requested. Stopping message loop.
TpTrace Information: 0 : 17728, 1, 2025/02/04, 23:56:16.202, 51339657631, vstest.console.dll, RunTestsArgumentProcessor:Execute: Test run is completed.
TpTrace Verbose: 0 : 17728, 13, 2025/02/04, 23:56:16.202, 51339657646, vstest.console.dll, MulticastDelegateUtilities.SafeInvoke: LengthPrefixCommunicationChannel: MessageReceived: Invoking callback 1/1 for Microsoft.VisualStudio.TestPlatform.CommunicationUtilities.TestRequestSender+<>c__DisplayClass34_0., took 168 ms.
TpTrace Information: 0 : 17728, 13, 2025/02/04, 23:56:16.202, 51339658287, vstest.console.dll, SocketServer.PrivateStop: Stopping server endPoint: 127.0.0.1:51403 error: 
TpTrace Verbose: 0 : 17728, 1, 2025/02/04, 23:56:16.202, 51339660248, vstest.console.dll, Executor.Execute: Exiting with exit code of 1
TpTrace Verbose: 0 : 17728, 13, 2025/02/04, 23:56:16.202, 51339662642, vstest.console.dll, LengthPrefixCommunicationChannel.Dispose: Dispose reader and writer.
TpTrace Information: 0 : 17728, 13, 2025/02/04, 23:56:16.202, 51339663514, vstest.console.dll, SocketServer.Stop: Raise disconnected event endPoint: 127.0.0.1:51403 error: 
TpTrace Verbose: 0 : 17728, 13, 2025/02/04, 23:56:16.202, 51339664587, vstest.console.dll, TestRequestSender: OnTestRunAbort: Operation is already complete. Skip error message.
TpTrace Verbose: 0 : 17728, 13, 2025/02/04, 23:56:16.202, 51339665067, vstest.console.dll, MulticastDelegateUtilities.SafeInvoke: SocketServer: ClientDisconnected: Invoking callback 1/1 for Microsoft.VisualStudio.TestPlatform.CommunicationUtilities.TestRequestSender., took 0 ms.
TpTrace Verbose: 0 : 17728, 13, 2025/02/04, 23:56:16.202, 51339665313, vstest.console.dll, TcpClientExtensions.MessageLoopAsync: exiting MessageLoopAsync remoteEndPoint: 127.0.0.1:51404 localEndPoint: 127.0.0.1:51403
